Analysis & Synthesis report for DE1_SOC
Thu Feb 23 16:33:35 2023
Quartus Prime Version 20.1.0 Build 711 06/05/2020 SJ Lite Edition


---------------------
; Table of Contents ;
---------------------
  1. Legal Notice
  2. Analysis & Synthesis Summary
  3. Analysis & Synthesis Settings
  4. Parallel Compilation
  5. Analysis & Synthesis Source Files Read
  6. Analysis & Synthesis Resource Usage Summary
  7. Analysis & Synthesis Resource Utilization by Entity
  8. Analysis & Synthesis DSP Block Usage Summary
  9. State Machine - |mult16_tester|status:status_inst|next_state
 10. State Machine - |mult16_tester|status:status_inst|state
 11. State Machine - |mult16_tester|button:error_debounce|state
 12. State Machine - |mult16_tester|button:start_debounce|state
 13. User-Specified and Inferred Latches
 14. Registers Removed During Synthesis
 15. Removed Registers Triggering Further Register Optimizations
 16. General Register Statistics
 17. Multiplexer Restructuring Statistics (Restructuring Performed)
 18. Parameter Settings for User Entity Instance: button:start_debounce
 19. Parameter Settings for User Entity Instance: button:error_debounce
 20. Parameter Settings for User Entity Instance: status:status_inst
 21. Parameter Settings for User Entity Instance: test_mult:test_mult_inst
 22. Parameter Settings for User Entity Instance: seg_disp:seg_disp_inst5
 23. Parameter Settings for User Entity Instance: seg_disp:seg_disp_inst4
 24. Parameter Settings for User Entity Instance: seg_disp:seg_disp_inst3
 25. Parameter Settings for User Entity Instance: seg_disp:seg_disp_inst2
 26. Parameter Settings for User Entity Instance: seg_disp:seg_disp_inst1
 27. Parameter Settings for User Entity Instance: seg_disp:seg_disp_inst0
 28. Port Connectivity Checks: "seg_disp:seg_disp_inst0"
 29. Port Connectivity Checks: "seg_disp:seg_disp_inst1"
 30. Port Connectivity Checks: "seg_disp:seg_disp_inst2"
 31. Port Connectivity Checks: "seg_disp:seg_disp_inst3"
 32. Port Connectivity Checks: "status:status_inst"
 33. Post-Synthesis Netlist Statistics for Top Partition
 34. Elapsed Time Per Partition
 35. Analysis & Synthesis Messages
 36. Analysis & Synthesis Suppressed Messages



----------------
; Legal Notice ;
----------------
Copyright (C) 2020  Intel Corporation. All rights reserved.
Your use of Intel Corporation's design tools, logic functions 
and other software and tools, and any partner logic 
functions, and any output files from any of the foregoing 
(including device programming or simulation files), and any 
associated documentation or information are expressly subject 
to the terms and conditions of the Intel Program License 
Subscription Agreement, the Intel Quartus Prime License Agreement,
the Intel FPGA IP License Agreement, or other applicable license
agreement, including, without limitation, that your use is for
the sole purpose of programming logic devices manufactured by
Intel and sold by Intel or its authorized distributors.  Please
refer to the applicable agreement for further details, at
https://fpgasoftware.intel.com/eula.



+-------------------------------------------------------------------------------+
; Analysis & Synthesis Summary                                                  ;
+---------------------------------+---------------------------------------------+
; Analysis & Synthesis Status     ; Successful - Thu Feb 23 16:33:35 2023       ;
; Quartus Prime Version           ; 20.1.0 Build 711 06/05/2020 SJ Lite Edition ;
; Revision Name                   ; DE1_SOC                                     ;
; Top-level Entity Name           ; mult16_tester                               ;
; Family                          ; Cyclone V                                   ;
; Logic utilization (in ALMs)     ; N/A                                         ;
; Total registers                 ; 128                                         ;
; Total pins                      ; 46                                          ;
; Total virtual pins              ; 0                                           ;
; Total block memory bits         ; 0                                           ;
; Total DSP Blocks                ; 1                                           ;
; Total HSSI RX PCSs              ; 0                                           ;
; Total HSSI PMA RX Deserializers ; 0                                           ;
; Total HSSI TX PCSs              ; 0                                           ;
; Total HSSI PMA TX Serializers   ; 0                                           ;
; Total PLLs                      ; 0                                           ;
; Total DLLs                      ; 0                                           ;
+---------------------------------+---------------------------------------------+


+---------------------------------------------------------------------------------------------------------------------------+
; Analysis & Synthesis Settings                                                                                             ;
+---------------------------------------------------------------------------------+--------------------+--------------------+
; Option                                                                          ; Setting            ; Default Value      ;
+---------------------------------------------------------------------------------+--------------------+--------------------+
; Device                                                                          ; 5CSEMA5F31C6       ;                    ;
; Top-level entity name                                                           ; mult16_tester      ; DE1_SOC            ;
; Family name                                                                     ; Cyclone V          ; Cyclone V          ;
; Use smart compilation                                                           ; Off                ; Off                ;
; Enable parallel Assembler and Timing Analyzer during compilation                ; On                 ; On                 ;
; Enable compact report table                                                     ; Off                ; Off                ;
; Restructure Multiplexers                                                        ; Auto               ; Auto               ;
; MLAB Add Timing Constraints For Mixed-Port Feed-Through Mode Setting Don't Care ; Off                ; Off                ;
; Create Debugging Nodes for IP Cores                                             ; Off                ; Off                ;
; Preserve fewer node names                                                       ; On                 ; On                 ;
; Intel FPGA IP Evaluation Mode                                                   ; Enable             ; Enable             ;
; Verilog Version                                                                 ; Verilog_2001       ; Verilog_2001       ;
; VHDL Version                                                                    ; VHDL_1993          ; VHDL_1993          ;
; State Machine Processing                                                        ; Auto               ; Auto               ;
; Safe State Machine                                                              ; Off                ; Off                ;
; Extract Verilog State Machines                                                  ; On                 ; On                 ;
; Extract VHDL State Machines                                                     ; On                 ; On                 ;
; Ignore Verilog initial constructs                                               ; Off                ; Off                ;
; Iteration limit for constant Verilog loops                                      ; 5000               ; 5000               ;
; Iteration limit for non-constant Verilog loops                                  ; 250                ; 250                ;
; Add Pass-Through Logic to Inferred RAMs                                         ; On                 ; On                 ;
; Infer RAMs from Raw Logic                                                       ; On                 ; On                 ;
; Parallel Synthesis                                                              ; On                 ; On                 ;
; DSP Block Balancing                                                             ; Auto               ; Auto               ;
; NOT Gate Push-Back                                                              ; On                 ; On                 ;
; Power-Up Don't Care                                                             ; On                 ; On                 ;
; Remove Redundant Logic Cells                                                    ; Off                ; Off                ;
; Remove Duplicate Registers                                                      ; On                 ; On                 ;
; Ignore CARRY Buffers                                                            ; Off                ; Off                ;
; Ignore CASCADE Buffers                                                          ; Off                ; Off                ;
; Ignore GLOBAL Buffers                                                           ; Off                ; Off                ;
; Ignore ROW GLOBAL Buffers                                                       ; Off                ; Off                ;
; Ignore LCELL Buffers                                                            ; Off                ; Off                ;
; Ignore SOFT Buffers                                                             ; On                 ; On                 ;
; Limit AHDL Integers to 32 Bits                                                  ; Off                ; Off                ;
; Optimization Technique                                                          ; Balanced           ; Balanced           ;
; Carry Chain Length                                                              ; 70                 ; 70                 ;
; Auto Carry Chains                                                               ; On                 ; On                 ;
; Auto Open-Drain Pins                                                            ; On                 ; On                 ;
; Perform WYSIWYG Primitive Resynthesis                                           ; Off                ; Off                ;
; Auto ROM Replacement                                                            ; On                 ; On                 ;
; Auto RAM Replacement                                                            ; On                 ; On                 ;
; Auto DSP Block Replacement                                                      ; On                 ; On                 ;
; Auto Shift Register Replacement                                                 ; Auto               ; Auto               ;
; Allow Shift Register Merging across Hierarchies                                 ; Auto               ; Auto               ;
; Auto Clock Enable Replacement                                                   ; On                 ; On                 ;
; Strict RAM Replacement                                                          ; Off                ; Off                ;
; Allow Synchronous Control Signals                                               ; On                 ; On                 ;
; Force Use of Synchronous Clear Signals                                          ; Off                ; Off                ;
; Auto Resource Sharing                                                           ; Off                ; Off                ;
; Allow Any RAM Size For Recognition                                              ; Off                ; Off                ;
; Allow Any ROM Size For Recognition                                              ; Off                ; Off                ;
; Allow Any Shift Register Size For Recognition                                   ; Off                ; Off                ;
; Use LogicLock Constraints during Resource Balancing                             ; On                 ; On                 ;
; Ignore translate_off and synthesis_off directives                               ; Off                ; Off                ;
; Timing-Driven Synthesis                                                         ; On                 ; On                 ;
; Report Parameter Settings                                                       ; On                 ; On                 ;
; Report Source Assignments                                                       ; On                 ; On                 ;
; Report Connectivity Checks                                                      ; On                 ; On                 ;
; Ignore Maximum Fan-Out Assignments                                              ; Off                ; Off                ;
; Synchronization Register Chain Length                                           ; 3                  ; 3                  ;
; Power Optimization During Synthesis                                             ; Normal compilation ; Normal compilation ;
; HDL message level                                                               ; Level2             ; Level2             ;
; Suppress Register Optimization Related Messages                                 ; Off                ; Off                ;
; Number of Removed Registers Reported in Synthesis Report                        ; 5000               ; 5000               ;
; Number of Swept Nodes Reported in Synthesis Report                              ; 5000               ; 5000               ;
; Number of Inverted Registers Reported in Synthesis Report                       ; 100                ; 100                ;
; Clock MUX Protection                                                            ; On                 ; On                 ;
; Auto Gated Clock Conversion                                                     ; Off                ; Off                ;
; Block Design Naming                                                             ; Auto               ; Auto               ;
; SDC constraint protection                                                       ; Off                ; Off                ;
; Synthesis Effort                                                                ; Auto               ; Auto               ;
; Shift Register Replacement - Allow Asynchronous Clear Signal                    ; On                 ; On                 ;
; Pre-Mapping Resynthesis Optimization                                            ; Off                ; Off                ;
; Analysis & Synthesis Message Level                                              ; Medium             ; Medium             ;
; Disable Register Merging Across Hierarchies                                     ; Auto               ; Auto               ;
; Resource Aware Inference For Block RAM                                          ; On                 ; On                 ;
; Automatic Parallel Synthesis                                                    ; On                 ; On                 ;
; Partial Reconfiguration Bitstream ID                                            ; Off                ; Off                ;
+---------------------------------------------------------------------------------+--------------------+--------------------+


+------------------------------------------+
; Parallel Compilation                     ;
+----------------------------+-------------+
; Processors                 ; Number      ;
+----------------------------+-------------+
; Number detected on machine ; 8           ;
; Maximum allowed            ; 4           ;
;                            ;             ;
; Average used               ; 1.00        ;
; Maximum used               ; 4           ;
;                            ;             ;
; Usage by Processor         ; % Time Used ;
;     Processor 1            ; 100.0%      ;
;     Processors 2-4         ;   0.0%      ;
+----------------------------+-------------+


+-------------------------------------------------------------------------------------------------------------------------------------------------------------------+
; Analysis & Synthesis Source Files Read                                                                                                                            ;
+----------------------------------+-----------------+------------------------------+---------------------------------------------------------------------+---------+
; File Name with User-Entered Path ; Used in Netlist ; File Type                    ; File Name with Absolute Path                                        ; Library ;
+----------------------------------+-----------------+------------------------------+---------------------------------------------------------------------+---------+
; test_mult.sv                     ; yes             ; User SystemVerilog HDL File  ; C:/Users/sefun/Dev/digital_desgin_2/homework5/code/test_mult.sv     ;         ;
; status.sv                        ; yes             ; User SystemVerilog HDL File  ; C:/Users/sefun/Dev/digital_desgin_2/homework5/code/status.sv        ;         ;
; seg_disp.sv                      ; yes             ; User SystemVerilog HDL File  ; C:/Users/sefun/Dev/digital_desgin_2/homework5/code/seg_disp.sv      ;         ;
; mult16_tester.sv                 ; yes             ; User SystemVerilog HDL File  ; C:/Users/sefun/Dev/digital_desgin_2/homework5/code/mult16_tester.sv ;         ;
; gold_mult.sv                     ; yes             ; User SystemVerilog HDL File  ; C:/Users/sefun/Dev/digital_desgin_2/homework5/code/gold_mult.sv     ;         ;
; compare.sv                       ; yes             ; User SystemVerilog HDL File  ; C:/Users/sefun/Dev/digital_desgin_2/homework5/code/compare.sv       ;         ;
; button.sv                        ; yes             ; User SystemVerilog HDL File  ; C:/Users/sefun/Dev/digital_desgin_2/homework5/code/button.sv        ;         ;
+----------------------------------+-----------------+------------------------------+---------------------------------------------------------------------+---------+


+--------------------------------------------------------------+
; Analysis & Synthesis Resource Usage Summary                  ;
+---------------------------------------------+----------------+
; Resource                                    ; Usage          ;
+---------------------------------------------+----------------+
; Estimate of Logic utilization (ALMs needed) ; 94             ;
;                                             ;                ;
; Combinational ALUT usage for logic          ; 153            ;
;     -- 7 input functions                    ; 1              ;
;     -- 6 input functions                    ; 23             ;
;     -- 5 input functions                    ; 10             ;
;     -- 4 input functions                    ; 5              ;
;     -- <=3 input functions                  ; 114            ;
;                                             ;                ;
; Dedicated logic registers                   ; 128            ;
;                                             ;                ;
; I/O pins                                    ; 46             ;
;                                             ;                ;
; Total DSP Blocks                            ; 1              ;
;                                             ;                ;
; Maximum fan-out node                        ; CLOCK_50~input ;
; Maximum fan-out                             ; 70             ;
; Total fan-out                               ; 993            ;
; Average fan-out                             ; 2.66           ;
+---------------------------------------------+----------------+


+-----------------------------------------------------------------------------------------------------------------------------------------------------------------------------------------------------------------+
; Analysis & Synthesis Resource Utilization by Entity                                                                                                                                                             ;
+-------------------------------+---------------------+---------------------------+-------------------+------------+------+--------------+-----------------------------------------+---------------+--------------+
; Compilation Hierarchy Node    ; Combinational ALUTs ; Dedicated Logic Registers ; Block Memory Bits ; DSP Blocks ; Pins ; Virtual Pins ; Full Hierarchy Name                     ; Entity Name   ; Library Name ;
+-------------------------------+---------------------+---------------------------+-------------------+------------+------+--------------+-----------------------------------------+---------------+--------------+
; |mult16_tester                ; 153 (1)             ; 128 (4)                   ; 0                 ; 1          ; 46   ; 0            ; |mult16_tester                          ; mult16_tester ; work         ;
;    |button:error_debounce|    ; 3 (3)               ; 3 (3)                     ; 0                 ; 0          ; 0    ; 0            ; |mult16_tester|button:error_debounce    ; button        ; work         ;
;    |gold_mult:gold_mult_inst| ; 0 (0)               ; 0 (0)                     ; 0                 ; 1          ; 0    ; 0            ; |mult16_tester|gold_mult:gold_mult_inst ; gold_mult     ; work         ;
;    |seg_disp:seg_disp_inst4|  ; 0 (0)               ; 3 (3)                     ; 0                 ; 0          ; 0    ; 0            ; |mult16_tester|seg_disp:seg_disp_inst4  ; seg_disp      ; work         ;
;    |seg_disp:seg_disp_inst5|  ; 13 (13)             ; 0 (0)                     ; 0                 ; 0          ; 0    ; 0            ; |mult16_tester|seg_disp:seg_disp_inst5  ; seg_disp      ; work         ;
;    |status:status_inst|       ; 106 (106)           ; 66 (66)                   ; 0                 ; 0          ; 0    ; 0            ; |mult16_tester|status:status_inst       ; status        ; work         ;
;    |test_mult:test_mult_inst| ; 30 (30)             ; 52 (52)                   ; 0                 ; 0          ; 0    ; 0            ; |mult16_tester|test_mult:test_mult_inst ; test_mult     ; work         ;
+-------------------------------+---------------------+---------------------------+-------------------+------------+------+--------------+-----------------------------------------+---------------+--------------+
Note: For table entries with two numbers listed, the numbers in parentheses indicate the number of resources of the given type used by the specific entity alone. The numbers listed outside of parentheses indicate the total resources of the given type used by the specific entity and all of its sub-entities in the hierarchy.


+-----------------------------------------------+
; Analysis & Synthesis DSP Block Usage Summary  ;
+---------------------------------+-------------+
; Statistic                       ; Number Used ;
+---------------------------------+-------------+
; Two Independent 18x18           ; 1           ;
; Total number of DSP blocks      ; 1           ;
;                                 ;             ;
; Fixed Point Unsigned Multiplier ; 1           ;
+---------------------------------+-------------+


Encoding Type:  One-Hot
+---------------------------------------------------------------------------------------------------------------------------------------------------------------------------------------------------+
; State Machine - |mult16_tester|status:status_inst|next_state                                                                                                                                      ;
+-----------------------------+-----------------------------+--------------------------+----------------------------+-----------------------+------------------+------------------+-----------------+
; Name                        ; next_state.FINISHED_TESTING ; next_state.UPDATE_INPUTS ; next_state.COMPARE_RESULTS ; next_state.SET_INPUTS ; next_state.START ; next_state.RESET ; next_state.IDLE ;
+-----------------------------+-----------------------------+--------------------------+----------------------------+-----------------------+------------------+------------------+-----------------+
; next_state.IDLE             ; 0                           ; 0                        ; 0                          ; 0                     ; 0                ; 0                ; 0               ;
; next_state.RESET            ; 0                           ; 0                        ; 0                          ; 0                     ; 0                ; 1                ; 1               ;
; next_state.START            ; 0                           ; 0                        ; 0                          ; 0                     ; 1                ; 0                ; 1               ;
; next_state.SET_INPUTS       ; 0                           ; 0                        ; 0                          ; 1                     ; 0                ; 0                ; 1               ;
; next_state.COMPARE_RESULTS  ; 0                           ; 0                        ; 1                          ; 0                     ; 0                ; 0                ; 1               ;
; next_state.UPDATE_INPUTS    ; 0                           ; 1                        ; 0                          ; 0                     ; 0                ; 0                ; 1               ;
; next_state.FINISHED_TESTING ; 1                           ; 0                        ; 0                          ; 0                     ; 0                ; 0                ; 1               ;
+-----------------------------+-----------------------------+--------------------------+----------------------------+-----------------------+------------------+------------------+-----------------+


Encoding Type:  One-Hot
+-----------------------------------------------------------------------------------------------------------------------------------------------------------+
; State Machine - |mult16_tester|status:status_inst|state                                                                                                   ;
+------------------------+------------------------+---------------------+-----------------------+------------------+-------------+-------------+------------+
; Name                   ; state.FINISHED_TESTING ; state.UPDATE_INPUTS ; state.COMPARE_RESULTS ; state.SET_INPUTS ; state.START ; state.RESET ; state.IDLE ;
+------------------------+------------------------+---------------------+-----------------------+------------------+-------------+-------------+------------+
; state.IDLE             ; 0                      ; 0                   ; 0                     ; 0                ; 0           ; 0           ; 0          ;
; state.RESET            ; 0                      ; 0                   ; 0                     ; 0                ; 0           ; 1           ; 1          ;
; state.START            ; 0                      ; 0                   ; 0                     ; 0                ; 1           ; 0           ; 1          ;
; state.SET_INPUTS       ; 0                      ; 0                   ; 0                     ; 1                ; 0           ; 0           ; 1          ;
; state.COMPARE_RESULTS  ; 0                      ; 0                   ; 1                     ; 0                ; 0           ; 0           ; 1          ;
; state.UPDATE_INPUTS    ; 0                      ; 1                   ; 0                     ; 0                ; 0           ; 0           ; 1          ;
; state.FINISHED_TESTING ; 1                      ; 0                   ; 0                     ; 0                ; 0           ; 0           ; 1          ;
+------------------------+------------------------+---------------------+-----------------------+------------------+-------------+-------------+------------+


Encoding Type:  One-Hot
+------------------------------------------------------------------------------------------+
; State Machine - |mult16_tester|button:error_debounce|state                               ;
+-----------------------+-------------------+-----------------------+----------------------+
; Name                  ; state.BUTTON_FREE ; state.BUTTON_RELEASED ; state.BUTTON_PRESSED ;
+-----------------------+-------------------+-----------------------+----------------------+
; state.BUTTON_FREE     ; 0                 ; 0                     ; 0                    ;
; state.BUTTON_PRESSED  ; 1                 ; 0                     ; 1                    ;
; state.BUTTON_RELEASED ; 1                 ; 1                     ; 0                    ;
+-----------------------+-------------------+-----------------------+----------------------+


Encoding Type:  One-Hot
+------------------------------------------------------------------------------------------+
; State Machine - |mult16_tester|button:start_debounce|state                               ;
+-----------------------+-------------------+-----------------------+----------------------+
; Name                  ; state.BUTTON_FREE ; state.BUTTON_RELEASED ; state.BUTTON_PRESSED ;
+-----------------------+-------------------+-----------------------+----------------------+
; state.BUTTON_FREE     ; 0                 ; 0                     ; 0                    ;
; state.BUTTON_PRESSED  ; 1                 ; 0                     ; 1                    ;
; state.BUTTON_RELEASED ; 1                 ; 1                     ; 0                    ;
+-----------------------+-------------------+-----------------------+----------------------+


+-------------------------------------------------------------------------------------------------------------+
; User-Specified and Inferred Latches                                                                         ;
+-----------------------------------------------------+------------------------------+------------------------+
; Latch Name                                          ; Latch Enable Signal          ; Free of Timing Hazards ;
+-----------------------------------------------------+------------------------------+------------------------+
; seg_disp:seg_disp_inst5|seg[0]                      ; seg_disp:seg_disp_inst5|Mux7 ; yes                    ;
; seg_disp:seg_disp_inst5|seg[1]                      ; seg_disp:seg_disp_inst5|Mux7 ; yes                    ;
; seg_disp:seg_disp_inst5|seg[2]                      ; seg_disp:seg_disp_inst5|Mux7 ; yes                    ;
; seg_disp:seg_disp_inst5|seg[3]                      ; seg_disp:seg_disp_inst5|Mux7 ; yes                    ;
; seg_disp:seg_disp_inst5|seg[4]                      ; seg_disp:seg_disp_inst5|Mux7 ; yes                    ;
; seg_disp:seg_disp_inst5|seg[5]                      ; seg_disp:seg_disp_inst5|Mux7 ; yes                    ;
; seg_disp:seg_disp_inst5|seg[6]                      ; seg_disp:seg_disp_inst5|Mux7 ; yes                    ;
; seg_disp:seg_disp_inst4|seg[0]                      ; seg_disp:seg_disp_inst5|Mux7 ; yes                    ;
; seg_disp:seg_disp_inst4|seg[1]                      ; seg_disp:seg_disp_inst5|Mux7 ; yes                    ;
; seg_disp:seg_disp_inst4|seg[2]                      ; seg_disp:seg_disp_inst5|Mux7 ; yes                    ;
; seg_disp:seg_disp_inst4|seg[3]                      ; seg_disp:seg_disp_inst5|Mux7 ; yes                    ;
; seg_disp:seg_disp_inst4|seg[4]                      ; seg_disp:seg_disp_inst5|Mux7 ; yes                    ;
; seg_disp:seg_disp_inst4|seg[5]                      ; seg_disp:seg_disp_inst5|Mux7 ; yes                    ;
; seg_disp:seg_disp_inst4|seg[6]                      ; seg_disp:seg_disp_inst5|Mux7 ; yes                    ;
; Number of user-specified and inferred latches = 14  ;                              ;                        ;
+-----------------------------------------------------+------------------------------+------------------------+
Note: All latches listed above may not be present at the end of synthesis due to various synthesis optimizations.


+-------------------------------------------------------------------------------------------------------+
; Registers Removed During Synthesis                                                                    ;
+---------------------------------------------+---------------------------------------------------------+
; Register name                               ; Reason for Removal                                      ;
+---------------------------------------------+---------------------------------------------------------+
; seg_disp:seg_disp_inst0|digit[4]            ; Stuck at GND due to stuck port data_in                  ;
; seg_disp:seg_disp_inst1|digit[4]            ; Stuck at GND due to stuck port data_in                  ;
; seg_disp:seg_disp_inst2|digit[4]            ; Stuck at GND due to stuck port data_in                  ;
; seg_disp:seg_disp_inst3|digit[4]            ; Stuck at GND due to stuck port data_in                  ;
; test_mult:test_mult_inst|a_reg[16..31]      ; Stuck at GND due to stuck port data_in                  ;
; status:status_inst|opB[7..15]               ; Stuck at GND due to stuck port data_in                  ;
; status:status_inst|opA[8..15]               ; Stuck at GND due to stuck port data_in                  ;
; seg_disp:seg_disp_inst0|digit[0..3]         ; Stuck at GND due to stuck port data_in                  ;
; seg_disp:seg_disp_inst1|digit[0..3]         ; Stuck at GND due to stuck port data_in                  ;
; seg_disp:seg_disp_inst2|digit[0..3]         ; Stuck at GND due to stuck port data_in                  ;
; seg_disp:seg_disp_inst3|digit[0..3]         ; Stuck at GND due to stuck port data_in                  ;
; test_mult:test_mult_inst|a_reg[8..15]       ; Stuck at GND due to stuck port data_in                  ;
; test_mult:test_mult_inst|b_reg[7..15]       ; Stuck at GND due to stuck port data_in                  ;
; seg_disp:seg_disp_inst5|digit[0]            ; Merged with seg_disp:seg_disp_inst4|digit[0]            ;
; seg_disp:seg_disp_inst5|digit[1]            ; Merged with seg_disp:seg_disp_inst4|digit[1]            ;
; seg_disp:seg_disp_inst5|digit[2]            ; Merged with seg_disp:seg_disp_inst4|digit[2]            ;
; seg_disp:seg_disp_inst5|digit[3]            ; Merged with seg_disp:seg_disp_inst4|digit[3]            ;
; seg_disp:seg_disp_inst5|digit[4]            ; Merged with seg_disp:seg_disp_inst4|digit[4]            ;
; status:status_inst|status_out[3]            ; Stuck at GND due to stuck port data_in                  ;
; seg_disp:seg_disp_inst4|digit[3]            ; Stuck at GND due to stuck port data_in                  ;
; status:status_inst|next_state~11            ; Lost fanout                                             ;
; status:status_inst|next_state~12            ; Lost fanout                                             ;
; status:status_inst|next_state~13            ; Lost fanout                                             ;
; status:status_inst|next_state~14            ; Lost fanout                                             ;
; status:status_inst|state~2                  ; Lost fanout                                             ;
; status:status_inst|state~3                  ; Lost fanout                                             ;
; status:status_inst|state~4                  ; Lost fanout                                             ;
; status:status_inst|state~5                  ; Lost fanout                                             ;
; button:start_debounce|state.BUTTON_RELEASED ; Merged with button:error_debounce|state.BUTTON_RELEASED ;
; button:start_debounce|state.BUTTON_PRESSED  ; Merged with button:error_debounce|state.BUTTON_PRESSED  ;
; button:start_debounce|state.BUTTON_FREE     ; Merged with button:error_debounce|state.BUTTON_FREE     ;
; status:status_inst|status_out[4]            ; Stuck at VCC due to stuck port data_in                  ;
; seg_disp:seg_disp_inst4|digit[4]            ; Stuck at VCC due to stuck port data_in                  ;
; Total Number of Removed Registers = 90      ;                                                         ;
+---------------------------------------------+---------------------------------------------------------+


+-------------------------------------------------------------------------------------------------------------------------------+
; Removed Registers Triggering Further Register Optimizations                                                                   ;
+----------------------------+---------------------------+----------------------------------------------------------------------+
; Register name              ; Reason for Removal        ; Registers Removed due to This Register                               ;
+----------------------------+---------------------------+----------------------------------------------------------------------+
; status:status_inst|opB[7]  ; Stuck at GND              ; test_mult:test_mult_inst|b_reg[7], status:status_inst|status_out[3], ;
;                            ; due to stuck port data_in ; seg_disp:seg_disp_inst4|digit[3], status:status_inst|status_out[4],  ;
;                            ;                           ; seg_disp:seg_disp_inst4|digit[4]                                     ;
; status:status_inst|opB[8]  ; Stuck at GND              ; seg_disp:seg_disp_inst0|digit[0], test_mult:test_mult_inst|b_reg[8]  ;
;                            ; due to stuck port data_in ;                                                                      ;
; status:status_inst|opB[9]  ; Stuck at GND              ; seg_disp:seg_disp_inst0|digit[1], test_mult:test_mult_inst|b_reg[9]  ;
;                            ; due to stuck port data_in ;                                                                      ;
; status:status_inst|opB[10] ; Stuck at GND              ; seg_disp:seg_disp_inst0|digit[2], test_mult:test_mult_inst|b_reg[10] ;
;                            ; due to stuck port data_in ;                                                                      ;
; status:status_inst|opB[11] ; Stuck at GND              ; seg_disp:seg_disp_inst0|digit[3], test_mult:test_mult_inst|b_reg[11] ;
;                            ; due to stuck port data_in ;                                                                      ;
; status:status_inst|opB[12] ; Stuck at GND              ; seg_disp:seg_disp_inst1|digit[0], test_mult:test_mult_inst|b_reg[12] ;
;                            ; due to stuck port data_in ;                                                                      ;
; status:status_inst|opB[13] ; Stuck at GND              ; seg_disp:seg_disp_inst1|digit[1], test_mult:test_mult_inst|b_reg[13] ;
;                            ; due to stuck port data_in ;                                                                      ;
; status:status_inst|opB[14] ; Stuck at GND              ; seg_disp:seg_disp_inst1|digit[2], test_mult:test_mult_inst|b_reg[14] ;
;                            ; due to stuck port data_in ;                                                                      ;
; status:status_inst|opB[15] ; Stuck at GND              ; seg_disp:seg_disp_inst1|digit[3], test_mult:test_mult_inst|b_reg[15] ;
;                            ; due to stuck port data_in ;                                                                      ;
; status:status_inst|opA[8]  ; Stuck at GND              ; seg_disp:seg_disp_inst2|digit[0], test_mult:test_mult_inst|a_reg[8]  ;
;                            ; due to stuck port data_in ;                                                                      ;
; status:status_inst|opA[9]  ; Stuck at GND              ; seg_disp:seg_disp_inst2|digit[1], test_mult:test_mult_inst|a_reg[9]  ;
;                            ; due to stuck port data_in ;                                                                      ;
; status:status_inst|opA[10] ; Stuck at GND              ; seg_disp:seg_disp_inst2|digit[2], test_mult:test_mult_inst|a_reg[10] ;
;                            ; due to stuck port data_in ;                                                                      ;
; status:status_inst|opA[11] ; Stuck at GND              ; seg_disp:seg_disp_inst2|digit[3], test_mult:test_mult_inst|a_reg[11] ;
;                            ; due to stuck port data_in ;                                                                      ;
; status:status_inst|opA[12] ; Stuck at GND              ; seg_disp:seg_disp_inst3|digit[0], test_mult:test_mult_inst|a_reg[12] ;
;                            ; due to stuck port data_in ;                                                                      ;
; status:status_inst|opA[13] ; Stuck at GND              ; seg_disp:seg_disp_inst3|digit[1], test_mult:test_mult_inst|a_reg[13] ;
;                            ; due to stuck port data_in ;                                                                      ;
; status:status_inst|opA[14] ; Stuck at GND              ; seg_disp:seg_disp_inst3|digit[2], test_mult:test_mult_inst|a_reg[14] ;
;                            ; due to stuck port data_in ;                                                                      ;
; status:status_inst|opA[15] ; Stuck at GND              ; seg_disp:seg_disp_inst3|digit[3], test_mult:test_mult_inst|a_reg[15] ;
;                            ; due to stuck port data_in ;                                                                      ;
+----------------------------+---------------------------+----------------------------------------------------------------------+


+------------------------------------------------------+
; General Register Statistics                          ;
+----------------------------------------------+-------+
; Statistic                                    ; Value ;
+----------------------------------------------+-------+
; Total registers                              ; 128   ;
; Number of registers using Synchronous Clear  ; 68    ;
; Number of registers using Synchronous Load   ; 17    ;
; Number of registers using Asynchronous Clear ; 55    ;
; Number of registers using Asynchronous Load  ; 0     ;
; Number of registers using Clock Enable       ; 56    ;
; Number of registers using Preset             ; 0     ;
+----------------------------------------------+-------+


+------------------------------------------------------------------------------------------------------------------------------------------------------------------+
; Multiplexer Restructuring Statistics (Restructuring Performed)                                                                                                   ;
+--------------------+-----------+---------------+----------------------+------------------------+------------+----------------------------------------------------+
; Multiplexer Inputs ; Bus Width ; Baseline Area ; Area if Restructured ; Saving if Restructured ; Registered ; Example Multiplexer Output                         ;
+--------------------+-----------+---------------+----------------------+------------------------+------------+----------------------------------------------------+
; 3:1                ; 16 bits   ; 32 LEs        ; 0 LEs                ; 32 LEs                 ; Yes        ; |mult16_tester|test_mult:test_mult_inst|result[28] ;
+--------------------+-----------+---------------+----------------------+------------------------+------------+----------------------------------------------------+


+--------------------------------------------------------------------+
; Parameter Settings for User Entity Instance: button:start_debounce ;
+-----------------+-------+------------------------------------------+
; Parameter Name  ; Value ; Type                                     ;
+-----------------+-------+------------------------------------------+
; BUTTON_FREE     ; 00    ; Unsigned Binary                          ;
; BUTTON_PRESSED  ; 01    ; Unsigned Binary                          ;
; BUTTON_RELEASED ; 10    ; Unsigned Binary                          ;
+-----------------+-------+------------------------------------------+
Note: In order to hide this table in the UI and the text report file, please set the "Show Parameter Settings in Synthesis Report" option in "Analysis and Synthesis Settings -> More Settings" to "Off".


+--------------------------------------------------------------------+
; Parameter Settings for User Entity Instance: button:error_debounce ;
+-----------------+-------+------------------------------------------+
; Parameter Name  ; Value ; Type                                     ;
+-----------------+-------+------------------------------------------+
; BUTTON_FREE     ; 00    ; Unsigned Binary                          ;
; BUTTON_PRESSED  ; 01    ; Unsigned Binary                          ;
; BUTTON_RELEASED ; 10    ; Unsigned Binary                          ;
+-----------------+-------+------------------------------------------+
Note: In order to hide this table in the UI and the text report file, please set the "Show Parameter Settings in Synthesis Report" option in "Analysis and Synthesis Settings -> More Settings" to "Off".


+-----------------------------------------------------------------+
; Parameter Settings for User Entity Instance: status:status_inst ;
+------------------+-------+--------------------------------------+
; Parameter Name   ; Value ; Type                                 ;
+------------------+-------+--------------------------------------+
; IDLE             ; 0     ; Signed Integer                       ;
; RESET            ; 1     ; Signed Integer                       ;
; START            ; 2     ; Signed Integer                       ;
; SET_INPUTS       ; 3     ; Signed Integer                       ;
; COMPARE_RESULTS  ; 4     ; Signed Integer                       ;
; UPDATE_INPUTS    ; 5     ; Signed Integer                       ;
; FINISHED_TESTING ; 6     ; Signed Integer                       ;
; IDLE_STATUS      ; 10000 ; Unsigned Binary                      ;
; START_STATUS     ; 10001 ; Unsigned Binary                      ;
; PROGRESS_STATUS  ; 10010 ; Unsigned Binary                      ;
; ERROR_STATUS     ; 10011 ; Unsigned Binary                      ;
; FINISHED_STATUS  ; 10100 ; Unsigned Binary                      ;
+------------------+-------+--------------------------------------+
Note: In order to hide this table in the UI and the text report file, please set the "Show Parameter Settings in Synthesis Report" option in "Analysis and Synthesis Settings -> More Settings" to "Off".


+-----------------------------------------------------------------------+
; Parameter Settings for User Entity Instance: test_mult:test_mult_inst ;
+----------------+-------+----------------------------------------------+
; Parameter Name ; Value ; Type                                         ;
+----------------+-------+----------------------------------------------+
; N              ; 16    ; Signed Integer                               ;
+----------------+-------+----------------------------------------------+
Note: In order to hide this table in the UI and the text report file, please set the "Show Parameter Settings in Synthesis Report" option in "Analysis and Synthesis Settings -> More Settings" to "Off".


+----------------------------------------------------------------------+
; Parameter Settings for User Entity Instance: seg_disp:seg_disp_inst5 ;
+------------------+---------+-----------------------------------------+
; Parameter Name   ; Value   ; Type                                    ;
+------------------+---------+-----------------------------------------+
; IDLE_DISPLAY     ; 1000000 ; Unsigned Binary                         ;
; START_DISPLAY    ; 1101111 ; Unsigned Binary                         ;
; PROGRESS_DISPLAY ; 0111100 ; Unsigned Binary                         ;
; ERROR_DISPLAY    ; 1001110 ; Unsigned Binary                         ;
; FINISHED_DISPLAY ; 0001111 ; Unsigned Binary                         ;
; HEX_ZERO         ; 1000000 ; Unsigned Binary                         ;
; HEX_ONE          ; 1111001 ; Unsigned Binary                         ;
; HEX_TWO          ; 0100100 ; Unsigned Binary                         ;
; HEX_THREE        ; 0110000 ; Unsigned Binary                         ;
; HEX_FOUR         ; 0011001 ; Unsigned Binary                         ;
; HEX_FIVE         ; 0010010 ; Unsigned Binary                         ;
; HEX_SIX          ; 0000010 ; Unsigned Binary                         ;
; HEX_SEVEN        ; 1111000 ; Unsigned Binary                         ;
; HEX_EIGHT        ; 0000000 ; Unsigned Binary                         ;
; HEX_NINE         ; 0010000 ; Unsigned Binary                         ;
; HEX_A            ; 0001000 ; Unsigned Binary                         ;
; HEX_B            ; 0001011 ; Unsigned Binary                         ;
; HEX_C            ; 1000110 ; Unsigned Binary                         ;
; HEX_D            ; 0100011 ; Unsigned Binary                         ;
; HEX_E            ; 1001110 ; Unsigned Binary                         ;
; HEX_F            ; 0001111 ; Unsigned Binary                         ;
+------------------+---------+-----------------------------------------+
Note: In order to hide this table in the UI and the text report file, please set the "Show Parameter Settings in Synthesis Report" option in "Analysis and Synthesis Settings -> More Settings" to "Off".


+----------------------------------------------------------------------+
; Parameter Settings for User Entity Instance: seg_disp:seg_disp_inst4 ;
+------------------+---------+-----------------------------------------+
; Parameter Name   ; Value   ; Type                                    ;
+------------------+---------+-----------------------------------------+
; IDLE_DISPLAY     ; 1000000 ; Unsigned Binary                         ;
; START_DISPLAY    ; 1101111 ; Unsigned Binary                         ;
; PROGRESS_DISPLAY ; 0111100 ; Unsigned Binary                         ;
; ERROR_DISPLAY    ; 1001110 ; Unsigned Binary                         ;
; FINISHED_DISPLAY ; 0001111 ; Unsigned Binary                         ;
; HEX_ZERO         ; 1000000 ; Unsigned Binary                         ;
; HEX_ONE          ; 1111001 ; Unsigned Binary                         ;
; HEX_TWO          ; 0100100 ; Unsigned Binary                         ;
; HEX_THREE        ; 0110000 ; Unsigned Binary                         ;
; HEX_FOUR         ; 0011001 ; Unsigned Binary                         ;
; HEX_FIVE         ; 0010010 ; Unsigned Binary                         ;
; HEX_SIX          ; 0000010 ; Unsigned Binary                         ;
; HEX_SEVEN        ; 1111000 ; Unsigned Binary                         ;
; HEX_EIGHT        ; 0000000 ; Unsigned Binary                         ;
; HEX_NINE         ; 0010000 ; Unsigned Binary                         ;
; HEX_A            ; 0001000 ; Unsigned Binary                         ;
; HEX_B            ; 0001011 ; Unsigned Binary                         ;
; HEX_C            ; 1000110 ; Unsigned Binary                         ;
; HEX_D            ; 0100011 ; Unsigned Binary                         ;
; HEX_E            ; 1001110 ; Unsigned Binary                         ;
; HEX_F            ; 0001111 ; Unsigned Binary                         ;
+------------------+---------+-----------------------------------------+
Note: In order to hide this table in the UI and the text report file, please set the "Show Parameter Settings in Synthesis Report" option in "Analysis and Synthesis Settings -> More Settings" to "Off".


+----------------------------------------------------------------------+
; Parameter Settings for User Entity Instance: seg_disp:seg_disp_inst3 ;
+------------------+---------+-----------------------------------------+
; Parameter Name   ; Value   ; Type                                    ;
+------------------+---------+-----------------------------------------+
; IDLE_DISPLAY     ; 1000000 ; Unsigned Binary                         ;
; START_DISPLAY    ; 1101111 ; Unsigned Binary                         ;
; PROGRESS_DISPLAY ; 0111100 ; Unsigned Binary                         ;
; ERROR_DISPLAY    ; 1001110 ; Unsigned Binary                         ;
; FINISHED_DISPLAY ; 0001111 ; Unsigned Binary                         ;
; HEX_ZERO         ; 1000000 ; Unsigned Binary                         ;
; HEX_ONE          ; 1111001 ; Unsigned Binary                         ;
; HEX_TWO          ; 0100100 ; Unsigned Binary                         ;
; HEX_THREE        ; 0110000 ; Unsigned Binary                         ;
; HEX_FOUR         ; 0011001 ; Unsigned Binary                         ;
; HEX_FIVE         ; 0010010 ; Unsigned Binary                         ;
; HEX_SIX          ; 0000010 ; Unsigned Binary                         ;
; HEX_SEVEN        ; 1111000 ; Unsigned Binary                         ;
; HEX_EIGHT        ; 0000000 ; Unsigned Binary                         ;
; HEX_NINE         ; 0010000 ; Unsigned Binary                         ;
; HEX_A            ; 0001000 ; Unsigned Binary                         ;
; HEX_B            ; 0001011 ; Unsigned Binary                         ;
; HEX_C            ; 1000110 ; Unsigned Binary                         ;
; HEX_D            ; 0100011 ; Unsigned Binary                         ;
; HEX_E            ; 1001110 ; Unsigned Binary                         ;
; HEX_F            ; 0001111 ; Unsigned Binary                         ;
+------------------+---------+-----------------------------------------+
Note: In order to hide this table in the UI and the text report file, please set the "Show Parameter Settings in Synthesis Report" option in "Analysis and Synthesis Settings -> More Settings" to "Off".


+----------------------------------------------------------------------+
; Parameter Settings for User Entity Instance: seg_disp:seg_disp_inst2 ;
+------------------+---------+-----------------------------------------+
; Parameter Name   ; Value   ; Type                                    ;
+------------------+---------+-----------------------------------------+
; IDLE_DISPLAY     ; 1000000 ; Unsigned Binary                         ;
; START_DISPLAY    ; 1101111 ; Unsigned Binary                         ;
; PROGRESS_DISPLAY ; 0111100 ; Unsigned Binary                         ;
; ERROR_DISPLAY    ; 1001110 ; Unsigned Binary                         ;
; FINISHED_DISPLAY ; 0001111 ; Unsigned Binary                         ;
; HEX_ZERO         ; 1000000 ; Unsigned Binary                         ;
; HEX_ONE          ; 1111001 ; Unsigned Binary                         ;
; HEX_TWO          ; 0100100 ; Unsigned Binary                         ;
; HEX_THREE        ; 0110000 ; Unsigned Binary                         ;
; HEX_FOUR         ; 0011001 ; Unsigned Binary                         ;
; HEX_FIVE         ; 0010010 ; Unsigned Binary                         ;
; HEX_SIX          ; 0000010 ; Unsigned Binary                         ;
; HEX_SEVEN        ; 1111000 ; Unsigned Binary                         ;
; HEX_EIGHT        ; 0000000 ; Unsigned Binary                         ;
; HEX_NINE         ; 0010000 ; Unsigned Binary                         ;
; HEX_A            ; 0001000 ; Unsigned Binary                         ;
; HEX_B            ; 0001011 ; Unsigned Binary                         ;
; HEX_C            ; 1000110 ; Unsigned Binary                         ;
; HEX_D            ; 0100011 ; Unsigned Binary                         ;
; HEX_E            ; 1001110 ; Unsigned Binary                         ;
; HEX_F            ; 0001111 ; Unsigned Binary                         ;
+------------------+---------+-----------------------------------------+
Note: In order to hide this table in the UI and the text report file, please set the "Show Parameter Settings in Synthesis Report" option in "Analysis and Synthesis Settings -> More Settings" to "Off".


+----------------------------------------------------------------------+
; Parameter Settings for User Entity Instance: seg_disp:seg_disp_inst1 ;
+------------------+---------+-----------------------------------------+
; Parameter Name   ; Value   ; Type                                    ;
+------------------+---------+-----------------------------------------+
; IDLE_DISPLAY     ; 1000000 ; Unsigned Binary                         ;
; START_DISPLAY    ; 1101111 ; Unsigned Binary                         ;
; PROGRESS_DISPLAY ; 0111100 ; Unsigned Binary                         ;
; ERROR_DISPLAY    ; 1001110 ; Unsigned Binary                         ;
; FINISHED_DISPLAY ; 0001111 ; Unsigned Binary                         ;
; HEX_ZERO         ; 1000000 ; Unsigned Binary                         ;
; HEX_ONE          ; 1111001 ; Unsigned Binary                         ;
; HEX_TWO          ; 0100100 ; Unsigned Binary                         ;
; HEX_THREE        ; 0110000 ; Unsigned Binary                         ;
; HEX_FOUR         ; 0011001 ; Unsigned Binary                         ;
; HEX_FIVE         ; 0010010 ; Unsigned Binary                         ;
; HEX_SIX          ; 0000010 ; Unsigned Binary                         ;
; HEX_SEVEN        ; 1111000 ; Unsigned Binary                         ;
; HEX_EIGHT        ; 0000000 ; Unsigned Binary                         ;
; HEX_NINE         ; 0010000 ; Unsigned Binary                         ;
; HEX_A            ; 0001000 ; Unsigned Binary                         ;
; HEX_B            ; 0001011 ; Unsigned Binary                         ;
; HEX_C            ; 1000110 ; Unsigned Binary                         ;
; HEX_D            ; 0100011 ; Unsigned Binary                         ;
; HEX_E            ; 1001110 ; Unsigned Binary                         ;
; HEX_F            ; 0001111 ; Unsigned Binary                         ;
+------------------+---------+-----------------------------------------+
Note: In order to hide this table in the UI and the text report file, please set the "Show Parameter Settings in Synthesis Report" option in "Analysis and Synthesis Settings -> More Settings" to "Off".


+----------------------------------------------------------------------+
; Parameter Settings for User Entity Instance: seg_disp:seg_disp_inst0 ;
+------------------+---------+-----------------------------------------+
; Parameter Name   ; Value   ; Type                                    ;
+------------------+---------+-----------------------------------------+
; IDLE_DISPLAY     ; 1000000 ; Unsigned Binary                         ;
; START_DISPLAY    ; 1101111 ; Unsigned Binary                         ;
; PROGRESS_DISPLAY ; 0111100 ; Unsigned Binary                         ;
; ERROR_DISPLAY    ; 1001110 ; Unsigned Binary                         ;
; FINISHED_DISPLAY ; 0001111 ; Unsigned Binary                         ;
; HEX_ZERO         ; 1000000 ; Unsigned Binary                         ;
; HEX_ONE          ; 1111001 ; Unsigned Binary                         ;
; HEX_TWO          ; 0100100 ; Unsigned Binary                         ;
; HEX_THREE        ; 0110000 ; Unsigned Binary                         ;
; HEX_FOUR         ; 0011001 ; Unsigned Binary                         ;
; HEX_FIVE         ; 0010010 ; Unsigned Binary                         ;
; HEX_SIX          ; 0000010 ; Unsigned Binary                         ;
; HEX_SEVEN        ; 1111000 ; Unsigned Binary                         ;
; HEX_EIGHT        ; 0000000 ; Unsigned Binary                         ;
; HEX_NINE         ; 0010000 ; Unsigned Binary                         ;
; HEX_A            ; 0001000 ; Unsigned Binary                         ;
; HEX_B            ; 0001011 ; Unsigned Binary                         ;
; HEX_C            ; 1000110 ; Unsigned Binary                         ;
; HEX_D            ; 0100011 ; Unsigned Binary                         ;
; HEX_E            ; 1001110 ; Unsigned Binary                         ;
; HEX_F            ; 0001111 ; Unsigned Binary                         ;
+------------------+---------+-----------------------------------------+
Note: In order to hide this table in the UI and the text report file, please set the "Show Parameter Settings in Synthesis Report" option in "Analysis and Synthesis Settings -> More Settings" to "Off".


+-----------------------------------------------------+
; Port Connectivity Checks: "seg_disp:seg_disp_inst0" ;
+--------+-------+----------+-------------------------+
; Port   ; Type  ; Severity ; Details                 ;
+--------+-------+----------+-------------------------+
; num[4] ; Input ; Info     ; Stuck at GND            ;
+--------+-------+----------+-------------------------+


+-----------------------------------------------------+
; Port Connectivity Checks: "seg_disp:seg_disp_inst1" ;
+--------+-------+----------+-------------------------+
; Port   ; Type  ; Severity ; Details                 ;
+--------+-------+----------+-------------------------+
; num[4] ; Input ; Info     ; Stuck at GND            ;
+--------+-------+----------+-------------------------+


+-----------------------------------------------------+
; Port Connectivity Checks: "seg_disp:seg_disp_inst2" ;
+--------+-------+----------+-------------------------+
; Port   ; Type  ; Severity ; Details                 ;
+--------+-------+----------+-------------------------+
; num[4] ; Input ; Info     ; Stuck at GND            ;
+--------+-------+----------+-------------------------+


+-----------------------------------------------------+
; Port Connectivity Checks: "seg_disp:seg_disp_inst3" ;
+--------+-------+----------+-------------------------+
; Port   ; Type  ; Severity ; Details                 ;
+--------+-------+----------+-------------------------+
; num[4] ; Input ; Info     ; Stuck at GND            ;
+--------+-------+----------+-------------------------+


+----------------------------------------------------------------------------------------------------------------------------------------------------------------+
; Port Connectivity Checks: "status:status_inst"                                                                                                                 ;
+------------+--------+----------+-------------------------------------------------------------------------------------------------------------------------------+
; Port       ; Type   ; Severity ; Details                                                                                                                       ;
+------------+--------+----------+-------------------------------------------------------------------------------------------------------------------------------+
; status_out ; Output ; Warning  ; Output or bidir port (7 bits) is wider than the port expression (5 bits) it drives; bit(s) "status_out[6..5]" have no fanouts ;
+------------+--------+----------+-------------------------------------------------------------------------------------------------------------------------------+


+-----------------------------------------------------+
; Post-Synthesis Netlist Statistics for Top Partition ;
+-----------------------+-----------------------------+
; Type                  ; Count                       ;
+-----------------------+-----------------------------+
; arriav_ff             ; 128                         ;
;     CLR               ; 11                          ;
;     CLR SCLR          ; 19                          ;
;     CLR SCLR SLD      ; 16                          ;
;     CLR SLD           ; 1                           ;
;     ENA               ; 15                          ;
;     ENA CLR           ; 8                           ;
;     ENA SCLR          ; 33                          ;
;     plain             ; 25                          ;
; arriav_lcell_comb     ; 155                         ;
;     arith             ; 50                          ;
;         0 data inputs ; 1                           ;
;         1 data inputs ; 41                          ;
;         2 data inputs ; 8                           ;
;     extend            ; 1                           ;
;         7 data inputs ; 1                           ;
;     normal            ; 104                         ;
;         0 data inputs ; 2                           ;
;         1 data inputs ; 1                           ;
;         2 data inputs ; 38                          ;
;         3 data inputs ; 25                          ;
;         4 data inputs ; 5                           ;
;         5 data inputs ; 10                          ;
;         6 data inputs ; 23                          ;
; arriav_mac            ; 1                           ;
; boundary_port         ; 46                          ;
;                       ;                             ;
; Max LUT depth         ; 5.20                        ;
; Average LUT depth     ; 3.01                        ;
+-----------------------+-----------------------------+


+-------------------------------+
; Elapsed Time Per Partition    ;
+----------------+--------------+
; Partition Name ; Elapsed Time ;
+----------------+--------------+
; Top            ; 00:00:03     ;
+----------------+--------------+


+-------------------------------+
; Analysis & Synthesis Messages ;
+-------------------------------+
Info: *******************************************************************
Info: Running Quartus Prime Analysis & Synthesis
    Info: Version 20.1.0 Build 711 06/05/2020 SJ Lite Edition
    Info: Processing started: Thu Feb 23 16:33:00 2023
Info: Command: quartus_map --read_settings_files=on --write_settings_files=off DE1_SOC -c DE1_SOC
Warning (18236): Number of processors has not been specified which may cause overloading on shared machines.  Set the global assignment NUM_PARALLEL_PROCESSORS in your QSF to an appropriate value for best performance.
Info (20030): Parallel compilation is enabled and will use 4 of the 4 processors detected
Info (12021): Found 2 design units, including 2 entities, in source file mult16_tester_tb.sv
    Info (12023): Found entity 1: mult16_tester_tb File: C:/Users/sefun/Dev/digital_desgin_2/homework5/code/mult16_tester_tb.sv Line: 4
    Info (12023): Found entity 2: clk File: C:/Users/sefun/Dev/digital_desgin_2/homework5/code/mult16_tester_tb.sv Line: 55
Info (12021): Found 1 design units, including 1 entities, in source file test_mult.sv
    Info (12023): Found entity 1: test_mult File: C:/Users/sefun/Dev/digital_desgin_2/homework5/code/test_mult.sv Line: 1
Info (12021): Found 1 design units, including 1 entities, in source file status.sv
    Info (12023): Found entity 1: status File: C:/Users/sefun/Dev/digital_desgin_2/homework5/code/status.sv Line: 1
Info (12021): Found 1 design units, including 1 entities, in source file seg_disp.sv
    Info (12023): Found entity 1: seg_disp File: C:/Users/sefun/Dev/digital_desgin_2/homework5/code/seg_disp.sv Line: 1
Info (12021): Found 0 design units, including 0 entities, in source file mult16_tester_defs.sv
Info (12021): Found 1 design units, including 1 entities, in source file mult16_tester.sv
    Info (12023): Found entity 1: mult16_tester File: C:/Users/sefun/Dev/digital_desgin_2/homework5/code/mult16_tester.sv Line: 3
Info (12021): Found 1 design units, including 1 entities, in source file gold_mult.sv
    Info (12023): Found entity 1: gold_mult File: C:/Users/sefun/Dev/digital_desgin_2/homework5/code/gold_mult.sv Line: 1
Info (12021): Found 1 design units, including 1 entities, in source file de1_soc.v
    Info (12023): Found entity 1: DE1_SOC File: C:/Users/sefun/Dev/digital_desgin_2/homework5/code/DE1_SOC.v Line: 6
Info (12021): Found 1 design units, including 1 entities, in source file compare.sv
    Info (12023): Found entity 1: compare File: C:/Users/sefun/Dev/digital_desgin_2/homework5/code/compare.sv Line: 1
Info (12021): Found 1 design units, including 1 entities, in source file button.sv
    Info (12023): Found entity 1: button File: C:/Users/sefun/Dev/digital_desgin_2/homework5/code/button.sv Line: 1
Info (12127): Elaborating entity "mult16_tester" for the top level hierarchy
Info (12128): Elaborating entity "button" for hierarchy "button:start_debounce" File: C:/Users/sefun/Dev/digital_desgin_2/homework5/code/mult16_tester.sv Line: 53
Info (12128): Elaborating entity "status" for hierarchy "status:status_inst" File: C:/Users/sefun/Dev/digital_desgin_2/homework5/code/mult16_tester.sv Line: 66
Info (12128): Elaborating entity "test_mult" for hierarchy "test_mult:test_mult_inst" File: C:/Users/sefun/Dev/digital_desgin_2/homework5/code/mult16_tester.sv Line: 71
Warning (10230): Verilog HDL assignment warning at test_mult.sv(39): truncated value with size 32 to match size of target (17) File: C:/Users/sefun/Dev/digital_desgin_2/homework5/code/test_mult.sv Line: 39
Info (12128): Elaborating entity "gold_mult" for hierarchy "gold_mult:gold_mult_inst" File: C:/Users/sefun/Dev/digital_desgin_2/homework5/code/mult16_tester.sv Line: 74
Info (12128): Elaborating entity "compare" for hierarchy "compare:compare_inst" File: C:/Users/sefun/Dev/digital_desgin_2/homework5/code/mult16_tester.sv Line: 77
Info (12128): Elaborating entity "seg_disp" for hierarchy "seg_disp:seg_disp_inst5" File: C:/Users/sefun/Dev/digital_desgin_2/homework5/code/mult16_tester.sv Line: 80
Warning (10270): Verilog HDL Case Statement warning at seg_disp.sv(37): incomplete case statement has no default case item File: C:/Users/sefun/Dev/digital_desgin_2/homework5/code/seg_disp.sv Line: 37
Warning (10240): Verilog HDL Always Construct warning at seg_disp.sv(37): inferring latch(es) for variable "seg", which holds its previous value in one or more paths through the always construct File: C:/Users/sefun/Dev/digital_desgin_2/homework5/code/seg_disp.sv Line: 37
Info (10041): Inferred latch for "seg[0]" at seg_disp.sv(37) File: C:/Users/sefun/Dev/digital_desgin_2/homework5/code/seg_disp.sv Line: 37
Info (10041): Inferred latch for "seg[1]" at seg_disp.sv(37) File: C:/Users/sefun/Dev/digital_desgin_2/homework5/code/seg_disp.sv Line: 37
Info (10041): Inferred latch for "seg[2]" at seg_disp.sv(37) File: C:/Users/sefun/Dev/digital_desgin_2/homework5/code/seg_disp.sv Line: 37
Info (10041): Inferred latch for "seg[3]" at seg_disp.sv(37) File: C:/Users/sefun/Dev/digital_desgin_2/homework5/code/seg_disp.sv Line: 37
Info (10041): Inferred latch for "seg[4]" at seg_disp.sv(37) File: C:/Users/sefun/Dev/digital_desgin_2/homework5/code/seg_disp.sv Line: 37
Info (10041): Inferred latch for "seg[5]" at seg_disp.sv(37) File: C:/Users/sefun/Dev/digital_desgin_2/homework5/code/seg_disp.sv Line: 37
Info (10041): Inferred latch for "seg[6]" at seg_disp.sv(37) File: C:/Users/sefun/Dev/digital_desgin_2/homework5/code/seg_disp.sv Line: 37
Warning (12241): 1 hierarchies have connectivity warnings - see the Connectivity Checks report folder
Info (13025): Duplicate LATCH primitives merged into single LATCH primitive
    Info (13026): Duplicate LATCH primitive "seg_disp:seg_disp_inst4|seg[0]" merged with LATCH primitive "seg_disp:seg_disp_inst5|seg[0]" File: C:/Users/sefun/Dev/digital_desgin_2/homework5/code/seg_disp.sv Line: 37
    Info (13026): Duplicate LATCH primitive "seg_disp:seg_disp_inst4|seg[1]" merged with LATCH primitive "seg_disp:seg_disp_inst5|seg[1]" File: C:/Users/sefun/Dev/digital_desgin_2/homework5/code/seg_disp.sv Line: 37
    Info (13026): Duplicate LATCH primitive "seg_disp:seg_disp_inst4|seg[2]" merged with LATCH primitive "seg_disp:seg_disp_inst5|seg[2]" File: C:/Users/sefun/Dev/digital_desgin_2/homework5/code/seg_disp.sv Line: 37
    Info (13026): Duplicate LATCH primitive "seg_disp:seg_disp_inst5|seg[3]" merged with LATCH primitive "seg_disp:seg_disp_inst5|seg[2]" File: C:/Users/sefun/Dev/digital_desgin_2/homework5/code/seg_disp.sv Line: 37
    Info (13026): Duplicate LATCH primitive "seg_disp:seg_disp_inst4|seg[3]" merged with LATCH primitive "seg_disp:seg_disp_inst5|seg[2]" File: C:/Users/sefun/Dev/digital_desgin_2/homework5/code/seg_disp.sv Line: 37
    Info (13026): Duplicate LATCH primitive "seg_disp:seg_disp_inst4|seg[4]" merged with LATCH primitive "seg_disp:seg_disp_inst5|seg[4]" File: C:/Users/sefun/Dev/digital_desgin_2/homework5/code/seg_disp.sv Line: 37
    Info (13026): Duplicate LATCH primitive "seg_disp:seg_disp_inst4|seg[5]" merged with LATCH primitive "seg_disp:seg_disp_inst5|seg[5]" File: C:/Users/sefun/Dev/digital_desgin_2/homework5/code/seg_disp.sv Line: 37
    Info (13026): Duplicate LATCH primitive "seg_disp:seg_disp_inst4|seg[6]" merged with LATCH primitive "seg_disp:seg_disp_inst5|seg[6]" File: C:/Users/sefun/Dev/digital_desgin_2/homework5/code/seg_disp.sv Line: 37
Warning (13012): Latch seg_disp:seg_disp_inst5|seg[0] has unsafe behavior File: C:/Users/sefun/Dev/digital_desgin_2/homework5/code/seg_disp.sv Line: 37
    Warning (13013): Ports D and ENA on the latch are fed by the same signal seg_disp:seg_disp_inst4|digit[1] File: C:/Users/sefun/Dev/digital_desgin_2/homework5/code/seg_disp.sv Line: 32
Warning (13012): Latch seg_disp:seg_disp_inst5|seg[1] has unsafe behavior File: C:/Users/sefun/Dev/digital_desgin_2/homework5/code/seg_disp.sv Line: 37
    Warning (13013): Ports D and ENA on the latch are fed by the same signal seg_disp:seg_disp_inst4|digit[2] File: C:/Users/sefun/Dev/digital_desgin_2/homework5/code/seg_disp.sv Line: 32
Warning (13012): Latch seg_disp:seg_disp_inst5|seg[2] has unsafe behavior File: C:/Users/sefun/Dev/digital_desgin_2/homework5/code/seg_disp.sv Line: 37
    Warning (13013): Ports D and ENA on the latch are fed by the same signal seg_disp:seg_disp_inst4|digit[2] File: C:/Users/sefun/Dev/digital_desgin_2/homework5/code/seg_disp.sv Line: 32
Warning (13012): Latch seg_disp:seg_disp_inst5|seg[4] has unsafe behavior File: C:/Users/sefun/Dev/digital_desgin_2/homework5/code/seg_disp.sv Line: 37
    Warning (13013): Ports D and ENA on the latch are fed by the same signal seg_disp:seg_disp_inst4|digit[0] File: C:/Users/sefun/Dev/digital_desgin_2/homework5/code/seg_disp.sv Line: 32
Warning (13012): Latch seg_disp:seg_disp_inst5|seg[5] has unsafe behavior File: C:/Users/sefun/Dev/digital_desgin_2/homework5/code/seg_disp.sv Line: 37
    Warning (13013): Ports D and ENA on the latch are fed by the same signal seg_disp:seg_disp_inst4|digit[2] File: C:/Users/sefun/Dev/digital_desgin_2/homework5/code/seg_disp.sv Line: 32
Warning (13012): Latch seg_disp:seg_disp_inst5|seg[6] has unsafe behavior File: C:/Users/sefun/Dev/digital_desgin_2/homework5/code/seg_disp.sv Line: 37
    Warning (13013): Ports D and ENA on the latch are fed by the same signal seg_disp:seg_disp_inst4|digit[2] File: C:/Users/sefun/Dev/digital_desgin_2/homework5/code/seg_disp.sv Line: 32
Warning (13024): Output pins are stuck at VCC or GND
    Warning (13410): Pin "HEX3[0]" is stuck at GND File: C:/Users/sefun/Dev/digital_desgin_2/homework5/code/mult16_tester.sv Line: 8
    Warning (13410): Pin "HEX3[1]" is stuck at GND File: C:/Users/sefun/Dev/digital_desgin_2/homework5/code/mult16_tester.sv Line: 8
    Warning (13410): Pin "HEX3[2]" is stuck at GND File: C:/Users/sefun/Dev/digital_desgin_2/homework5/code/mult16_tester.sv Line: 8
    Warning (13410): Pin "HEX3[3]" is stuck at GND File: C:/Users/sefun/Dev/digital_desgin_2/homework5/code/mult16_tester.sv Line: 8
    Warning (13410): Pin "HEX3[4]" is stuck at GND File: C:/Users/sefun/Dev/digital_desgin_2/homework5/code/mult16_tester.sv Line: 8
    Warning (13410): Pin "HEX3[5]" is stuck at GND File: C:/Users/sefun/Dev/digital_desgin_2/homework5/code/mult16_tester.sv Line: 8
    Warning (13410): Pin "HEX3[6]" is stuck at VCC File: C:/Users/sefun/Dev/digital_desgin_2/homework5/code/mult16_tester.sv Line: 8
    Warning (13410): Pin "HEX2[0]" is stuck at GND File: C:/Users/sefun/Dev/digital_desgin_2/homework5/code/mult16_tester.sv Line: 9
    Warning (13410): Pin "HEX2[1]" is stuck at GND File: C:/Users/sefun/Dev/digital_desgin_2/homework5/code/mult16_tester.sv Line: 9
    Warning (13410): Pin "HEX2[2]" is stuck at GND File: C:/Users/sefun/Dev/digital_desgin_2/homework5/code/mult16_tester.sv Line: 9
    Warning (13410): Pin "HEX2[3]" is stuck at GND File: C:/Users/sefun/Dev/digital_desgin_2/homework5/code/mult16_tester.sv Line: 9
    Warning (13410): Pin "HEX2[4]" is stuck at GND File: C:/Users/sefun/Dev/digital_desgin_2/homework5/code/mult16_tester.sv Line: 9
    Warning (13410): Pin "HEX2[5]" is stuck at GND File: C:/Users/sefun/Dev/digital_desgin_2/homework5/code/mult16_tester.sv Line: 9
    Warning (13410): Pin "HEX2[6]" is stuck at VCC File: C:/Users/sefun/Dev/digital_desgin_2/homework5/code/mult16_tester.sv Line: 9
    Warning (13410): Pin "HEX1[0]" is stuck at GND File: C:/Users/sefun/Dev/digital_desgin_2/homework5/code/mult16_tester.sv Line: 10
    Warning (13410): Pin "HEX1[1]" is stuck at GND File: C:/Users/sefun/Dev/digital_desgin_2/homework5/code/mult16_tester.sv Line: 10
    Warning (13410): Pin "HEX1[2]" is stuck at GND File: C:/Users/sefun/Dev/digital_desgin_2/homework5/code/mult16_tester.sv Line: 10
    Warning (13410): Pin "HEX1[3]" is stuck at GND File: C:/Users/sefun/Dev/digital_desgin_2/homework5/code/mult16_tester.sv Line: 10
    Warning (13410): Pin "HEX1[4]" is stuck at GND File: C:/Users/sefun/Dev/digital_desgin_2/homework5/code/mult16_tester.sv Line: 10
    Warning (13410): Pin "HEX1[5]" is stuck at GND File: C:/Users/sefun/Dev/digital_desgin_2/homework5/code/mult16_tester.sv Line: 10
    Warning (13410): Pin "HEX1[6]" is stuck at VCC File: C:/Users/sefun/Dev/digital_desgin_2/homework5/code/mult16_tester.sv Line: 10
    Warning (13410): Pin "HEX0[0]" is stuck at GND File: C:/Users/sefun/Dev/digital_desgin_2/homework5/code/mult16_tester.sv Line: 12
    Warning (13410): Pin "HEX0[1]" is stuck at GND File: C:/Users/sefun/Dev/digital_desgin_2/homework5/code/mult16_tester.sv Line: 12
    Warning (13410): Pin "HEX0[2]" is stuck at GND File: C:/Users/sefun/Dev/digital_desgin_2/homework5/code/mult16_tester.sv Line: 12
    Warning (13410): Pin "HEX0[3]" is stuck at GND File: C:/Users/sefun/Dev/digital_desgin_2/homework5/code/mult16_tester.sv Line: 12
    Warning (13410): Pin "HEX0[4]" is stuck at GND File: C:/Users/sefun/Dev/digital_desgin_2/homework5/code/mult16_tester.sv Line: 12
    Warning (13410): Pin "HEX0[5]" is stuck at GND File: C:/Users/sefun/Dev/digital_desgin_2/homework5/code/mult16_tester.sv Line: 12
    Warning (13410): Pin "HEX0[6]" is stuck at VCC File: C:/Users/sefun/Dev/digital_desgin_2/homework5/code/mult16_tester.sv Line: 12
Info (286030): Timing-Driven Synthesis is running
Info (17049): 8 registers lost all their fanouts during netlist optimizations.
Info (144001): Generated suppressed messages file C:/Users/sefun/Dev/digital_desgin_2/homework5/code/DE1_SOC.map.smsg
Info (16010): Generating hard_block partition "hard_block:auto_generated_inst"
    Info (16011): Adding 0 node(s), including 0 DDIO, 0 PLL, 0 transceiver and 0 LCELL
Warning (21074): Design contains 1 input pin(s) that do not drive logic
    Warning (15610): No output dependent on input pin "KEY[2]" File: C:/Users/sefun/Dev/digital_desgin_2/homework5/code/mult16_tester.sv Line: 5
Info (21057): Implemented 251 device resources after synthesis - the final resource count might be different
    Info (21058): Implemented 4 input pins
    Info (21059): Implemented 42 output pins
    Info (21061): Implemented 204 logic cells
    Info (21062): Implemented 1 DSP elements
Info: Quartus Prime Analysis & Synthesis was successful. 0 errors, 48 warnings
    Info: Peak virtual memory: 4853 megabytes
    Info: Processing ended: Thu Feb 23 16:33:35 2023
    Info: Elapsed time: 00:00:35
    Info: Total CPU time (on all processors): 00:00:42


+------------------------------------------+
; Analysis & Synthesis Suppressed Messages ;
+------------------------------------------+
The suppressed messages can be found in C:/Users/sefun/Dev/digital_desgin_2/homework5/code/DE1_SOC.map.smsg.


