Flow report for multiplier_verification
Wed Feb 08 11:49:37 2023
Quartus Prime Version 20.1.0 Build 711 06/05/2020 SJ Lite Edition


---------------------
; Table of Contents ;
---------------------
  1. Legal Notice
  2. Flow Summary
  3. Flow Settings
  4. Flow Non-Default Global Settings
  5. Flow Elapsed Time
  6. Flow OS Summary
  7. Flow Log
  8. Flow Messages
  9. Flow Suppressed Messages



----------------
; Legal Notice ;
----------------
Copyright (C) 2020  Intel Corporation. All rights reserved.
Your use of Intel Corporation's design tools, logic functions 
and other software and tools, and any partner logic 
functions, and any output files from any of the foregoing 
(including device programming or simulation files), and any 
associated documentation or information are expressly subject 
to the terms and conditions of the Intel Program License 
Subscription Agreement, the Intel Quartus Prime License Agreement,
the Intel FPGA IP License Agreement, or other applicable license
agreement, including, without limitation, that your use is for
the sole purpose of programming logic devices manufactured by
Intel and sold by Intel or its authorized distributors.  Please
refer to the applicable agreement for further details, at
https://fpgasoftware.intel.com/eula.



+-------------------------------------------------------------------------------+
; Flow Summary                                                                  ;
+---------------------------------+---------------------------------------------+
; Flow Status                     ; Successful - Wed Feb 08 11:49:37 2023       ;
; Quartus Prime Version           ; 20.1.0 Build 711 06/05/2020 SJ Lite Edition ;
; Revision Name                   ; multiplier_verification                     ;
; Top-level Entity Name           ; tester                                      ;
; Family                          ; Cyclone V                                   ;
; Device                          ; 5CSEMA5F31C6                                ;
; Timing Models                   ; Final                                       ;
; Logic utilization (in ALMs)     ; 13 / 32,070 ( < 1 % )                       ;
; Total registers                 ; 19                                          ;
; Total pins                      ; 42 / 457 ( 9 % )                            ;
; Total virtual pins              ; 0                                           ;
; Total block memory bits         ; 0 / 4,065,280 ( 0 % )                       ;
; Total DSP Blocks                ; 0 / 87 ( 0 % )                              ;
; Total HSSI RX PCSs              ; 0                                           ;
; Total HSSI PMA RX Deserializers ; 0                                           ;
; Total HSSI TX PCSs              ; 0                                           ;
; Total HSSI PMA TX Serializers   ; 0                                           ;
; Total PLLs                      ; 0 / 6 ( 0 % )                               ;
; Total DLLs                      ; 0 / 4 ( 0 % )                               ;
+---------------------------------+---------------------------------------------+


+---------------------------------------------+
; Flow Settings                               ;
+-------------------+-------------------------+
; Option            ; Setting                 ;
+-------------------+-------------------------+
; Start date & time ; 02/08/2023 11:47:38     ;
; Main task         ; Compilation             ;
; Revision Name     ; multiplier_verification ;
+-------------------+-------------------------+


+----------------------------------------------------------------------------------------------------------------------------------------------------------+
; Flow Non-Default Global Settings                                                                                                                         ;
+-------------------------------------+----------------------------------------+-------------------------+-------------+-----------------------------------+
; Assignment Name                     ; Value                                  ; Default Value           ; Entity Name ; Section Id                        ;
+-------------------------------------+----------------------------------------+-------------------------+-------------+-----------------------------------+
; COMPILER_SIGNATURE_ID               ; 273659128218688.167587485704108        ; --                      ; --          ; --                                ;
; EDA_GENERATE_FUNCTIONAL_NETLIST     ; Off                                    ; --                      ; --          ; eda_board_design_timing           ;
; EDA_GENERATE_FUNCTIONAL_NETLIST     ; Off                                    ; --                      ; --          ; eda_board_design_boundary_scan    ;
; EDA_GENERATE_FUNCTIONAL_NETLIST     ; Off                                    ; --                      ; --          ; eda_board_design_signal_integrity ;
; EDA_GENERATE_FUNCTIONAL_NETLIST     ; Off                                    ; --                      ; --          ; eda_board_design_symbol           ;
; EDA_OUTPUT_DATA_FORMAT              ; Systemverilog Hdl                      ; --                      ; --          ; eda_simulation                    ;
; EDA_SIMULATION_TOOL                 ; ModelSim (SystemVerilog)               ; <None>                  ; --          ; --                                ;
; EDA_TIME_SCALE                      ; 1 ps                                   ; --                      ; --          ; eda_simulation                    ;
; MAX_CORE_JUNCTION_TEMP              ; 85                                     ; --                      ; --          ; --                                ;
; MIN_CORE_JUNCTION_TEMP              ; 0                                      ; --                      ; --          ; --                                ;
; PARTITION_COLOR                     ; -- (Not supported for targeted family) ; --                      ; tester      ; Top                               ;
; PARTITION_FITTER_PRESERVATION_LEVEL ; -- (Not supported for targeted family) ; --                      ; tester      ; Top                               ;
; PARTITION_NETLIST_TYPE              ; -- (Not supported for targeted family) ; --                      ; tester      ; Top                               ;
; PROJECT_OUTPUT_DIRECTORY            ; output_files                           ; --                      ; --          ; --                                ;
; TOP_LEVEL_ENTITY                    ; tester                                 ; multiplier_verification ; --          ; --                                ;
+-------------------------------------+----------------------------------------+-------------------------+-------------+-----------------------------------+


+--------------------------------------------------------------------------------------------------------------------------+
; Flow Elapsed Time                                                                                                        ;
+----------------------+--------------+-------------------------+---------------------+------------------------------------+
; Module Name          ; Elapsed Time ; Average Processors Used ; Peak Virtual Memory ; Total CPU Time (on all processors) ;
+----------------------+--------------+-------------------------+---------------------+------------------------------------+
; Analysis & Synthesis ; 00:00:19     ; 1.0                     ; 4833 MB             ; 00:00:16                           ;
; Fitter               ; 00:01:06     ; 1.0                     ; 6560 MB             ; 00:00:55                           ;
; Assembler            ; 00:00:14     ; 1.0                     ; 4851 MB             ; 00:00:06                           ;
; Timing Analyzer      ; 00:00:11     ; 1.0                     ; 5143 MB             ; 00:00:03                           ;
; EDA Netlist Writer   ; 00:00:02     ; 1.0                     ; 4730 MB             ; 00:00:01                           ;
; Total                ; 00:01:52     ; --                      ; --                  ; 00:01:21                           ;
+----------------------+--------------+-------------------------+---------------------+------------------------------------+


+------------------------------------------------------------------------------------+
; Flow OS Summary                                                                    ;
+----------------------+------------------+------------+------------+----------------+
; Module Name          ; Machine Hostname ; OS Name    ; OS Version ; Processor type ;
+----------------------+------------------+------------+------------+----------------+
; Analysis & Synthesis ; DESKTOP-C375V6V  ; Windows 10 ; 10.0       ; x86_64         ;
; Fitter               ; DESKTOP-C375V6V  ; Windows 10 ; 10.0       ; x86_64         ;
; Assembler            ; DESKTOP-C375V6V  ; Windows 10 ; 10.0       ; x86_64         ;
; Timing Analyzer      ; DESKTOP-C375V6V  ; Windows 10 ; 10.0       ; x86_64         ;
; EDA Netlist Writer   ; DESKTOP-C375V6V  ; Windows 10 ; 10.0       ; x86_64         ;
+----------------------+------------------+------------+------------+----------------+


------------
; Flow Log ;
------------
quartus_map --read_settings_files=on --write_settings_files=off multiplier_verification -c multiplier_verification
quartus_fit --read_settings_files=off --write_settings_files=off multiplier_verification -c multiplier_verification
quartus_asm --read_settings_files=off --write_settings_files=off multiplier_verification -c multiplier_verification
quartus_sta multiplier_verification -c multiplier_verification
quartus_eda --read_settings_files=off --write_settings_files=off multiplier_verification -c multiplier_verification



