Analysis & Synthesis report for DE1_SOC
Tue Feb 28 10:36:33 2023
Quartus Prime Version 18.1.1 Build 646 04/11/2019 SJ Lite Edition


---------------------
; Table of Contents ;
---------------------
  1. Legal Notice
  2. Analysis & Synthesis Summary
  3. Analysis & Synthesis Settings
  4. Parallel Compilation
  5. Analysis & Synthesis Source Files Read
  6. Analysis & Synthesis Resource Usage Summary
  7. Analysis & Synthesis Resource Utilization by Entity
  8. Analysis & Synthesis DSP Block Usage Summary
  9. Registers Removed During Synthesis
 10. General Register Statistics
 11. Multiplexer Restructuring Statistics (Restructuring Performed)
 12. Parameter Settings for User Entity Instance: Top-level Entity: |mult16_tester
 13. Parameter Settings for User Entity Instance: button:start_debounce|Sync:Sync_Inst
 14. Parameter Settings for User Entity Instance: button:start_debounce|Debounce:Debounce_Inst
 15. Parameter Settings for User Entity Instance: button:error_debounce|Sync:Sync_Inst
 16. Parameter Settings for User Entity Instance: button:error_debounce|Debounce:Debounce_Inst
 17. Parameter Settings for User Entity Instance: status:status_inst
 18. Parameter Settings for User Entity Instance: status:status_inst|counter:counter_inst
 19. Parameter Settings for User Entity Instance: status:status_inst|test_mult:test_mult_inst
 20. Port Connectivity Checks: "status:status_inst"
 21. Post-Synthesis Netlist Statistics for Top Partition
 22. Elapsed Time Per Partition
 23. Analysis & Synthesis Messages



----------------
; Legal Notice ;
----------------
Copyright (C) 2019  Intel Corporation. All rights reserved.
Your use of Intel Corporation's design tools, logic functions 
and other software and tools, and any partner logic 
functions, and any output files from any of the foregoing 
(including device programming or simulation files), and any 
associated documentation or information are expressly subject 
to the terms and conditions of the Intel Program License 
Subscription Agreement, the Intel Quartus Prime License Agreement,
the Intel FPGA IP License Agreement, or other applicable license
agreement, including, without limitation, that your use is for
the sole purpose of programming logic devices manufactured by
Intel and sold by Intel or its authorized distributors.  Please
refer to the applicable agreement for further details, at
https://fpgasoftware.intel.com/eula.



+-------------------------------------------------------------------------------+
; Analysis & Synthesis Summary                                                  ;
+---------------------------------+---------------------------------------------+
; Analysis & Synthesis Status     ; Successful - Tue Feb 28 10:36:33 2023       ;
; Quartus Prime Version           ; 18.1.1 Build 646 04/11/2019 SJ Lite Edition ;
; Revision Name                   ; DE1_SOC                                     ;
; Top-level Entity Name           ; mult16_tester                               ;
; Family                          ; Cyclone V                                   ;
; Logic utilization (in ALMs)     ; N/A                                         ;
; Total registers                 ; 186                                         ;
; Total pins                      ; 46                                          ;
; Total virtual pins              ; 0                                           ;
; Total block memory bits         ; 0                                           ;
; Total DSP Blocks                ; 1                                           ;
; Total HSSI RX PCSs              ; 0                                           ;
; Total HSSI PMA RX Deserializers ; 0                                           ;
; Total HSSI TX PCSs              ; 0                                           ;
; Total HSSI PMA TX Serializers   ; 0                                           ;
; Total PLLs                      ; 0                                           ;
; Total DLLs                      ; 0                                           ;
+---------------------------------+---------------------------------------------+


+---------------------------------------------------------------------------------------------------------------------------+
; Analysis & Synthesis Settings                                                                                             ;
+---------------------------------------------------------------------------------+--------------------+--------------------+
; Option                                                                          ; Setting            ; Default Value      ;
+---------------------------------------------------------------------------------+--------------------+--------------------+
; Device                                                                          ; 5CSEMA5F31C6       ;                    ;
; Top-level entity name                                                           ; mult16_tester      ; DE1_SOC            ;
; Family name                                                                     ; Cyclone V          ; Cyclone V          ;
; Use smart compilation                                                           ; Off                ; Off                ;
; Enable parallel Assembler and Timing Analyzer during compilation                ; On                 ; On                 ;
; Enable compact report table                                                     ; Off                ; Off                ;
; Restructure Multiplexers                                                        ; Auto               ; Auto               ;
; MLAB Add Timing Constraints For Mixed-Port Feed-Through Mode Setting Don't Care ; Off                ; Off                ;
; Create Debugging Nodes for IP Cores                                             ; Off                ; Off                ;
; Preserve fewer node names                                                       ; On                 ; On                 ;
; Intel FPGA IP Evaluation Mode                                                   ; Enable             ; Enable             ;
; Verilog Version                                                                 ; Verilog_2001       ; Verilog_2001       ;
; VHDL Version                                                                    ; VHDL_1993          ; VHDL_1993          ;
; State Machine Processing                                                        ; Auto               ; Auto               ;
; Safe State Machine                                                              ; Off                ; Off                ;
; Extract Verilog State Machines                                                  ; On                 ; On                 ;
; Extract VHDL State Machines                                                     ; On                 ; On                 ;
; Ignore Verilog initial constructs                                               ; Off                ; Off                ;
; Iteration limit for constant Verilog loops                                      ; 5000               ; 5000               ;
; Iteration limit for non-constant Verilog loops                                  ; 250                ; 250                ;
; Add Pass-Through Logic to Inferred RAMs                                         ; On                 ; On                 ;
; Infer RAMs from Raw Logic                                                       ; On                 ; On                 ;
; Parallel Synthesis                                                              ; On                 ; On                 ;
; DSP Block Balancing                                                             ; Auto               ; Auto               ;
; NOT Gate Push-Back                                                              ; On                 ; On                 ;
; Power-Up Don't Care                                                             ; On                 ; On                 ;
; Remove Redundant Logic Cells                                                    ; Off                ; Off                ;
; Remove Duplicate Registers                                                      ; On                 ; On                 ;
; Ignore CARRY Buffers                                                            ; Off                ; Off                ;
; Ignore CASCADE Buffers                                                          ; Off                ; Off                ;
; Ignore GLOBAL Buffers                                                           ; Off                ; Off                ;
; Ignore ROW GLOBAL Buffers                                                       ; Off                ; Off                ;
; Ignore LCELL Buffers                                                            ; Off                ; Off                ;
; Ignore SOFT Buffers                                                             ; On                 ; On                 ;
; Limit AHDL Integers to 32 Bits                                                  ; Off                ; Off                ;
; Optimization Technique                                                          ; Balanced           ; Balanced           ;
; Carry Chain Length                                                              ; 70                 ; 70                 ;
; Auto Carry Chains                                                               ; On                 ; On                 ;
; Auto Open-Drain Pins                                                            ; On                 ; On                 ;
; Perform WYSIWYG Primitive Resynthesis                                           ; Off                ; Off                ;
; Auto ROM Replacement                                                            ; On                 ; On                 ;
; Auto RAM Replacement                                                            ; On                 ; On                 ;
; Auto DSP Block Replacement                                                      ; On                 ; On                 ;
; Auto Shift Register Replacement                                                 ; Auto               ; Auto               ;
; Allow Shift Register Merging across Hierarchies                                 ; Auto               ; Auto               ;
; Auto Clock Enable Replacement                                                   ; On                 ; On                 ;
; Strict RAM Replacement                                                          ; Off                ; Off                ;
; Allow Synchronous Control Signals                                               ; On                 ; On                 ;
; Force Use of Synchronous Clear Signals                                          ; Off                ; Off                ;
; Auto Resource Sharing                                                           ; Off                ; Off                ;
; Allow Any RAM Size For Recognition                                              ; Off                ; Off                ;
; Allow Any ROM Size For Recognition                                              ; Off                ; Off                ;
; Allow Any Shift Register Size For Recognition                                   ; Off                ; Off                ;
; Use LogicLock Constraints during Resource Balancing                             ; On                 ; On                 ;
; Ignore translate_off and synthesis_off directives                               ; Off                ; Off                ;
; Timing-Driven Synthesis                                                         ; On                 ; On                 ;
; Report Parameter Settings                                                       ; On                 ; On                 ;
; Report Source Assignments                                                       ; On                 ; On                 ;
; Report Connectivity Checks                                                      ; On                 ; On                 ;
; Ignore Maximum Fan-Out Assignments                                              ; Off                ; Off                ;
; Synchronization Register Chain Length                                           ; 3                  ; 3                  ;
; Power Optimization During Synthesis                                             ; Normal compilation ; Normal compilation ;
; HDL message level                                                               ; Level2             ; Level2             ;
; Suppress Register Optimization Related Messages                                 ; Off                ; Off                ;
; Number of Removed Registers Reported in Synthesis Report                        ; 5000               ; 5000               ;
; Number of Swept Nodes Reported in Synthesis Report                              ; 5000               ; 5000               ;
; Number of Inverted Registers Reported in Synthesis Report                       ; 100                ; 100                ;
; Clock MUX Protection                                                            ; On                 ; On                 ;
; Auto Gated Clock Conversion                                                     ; Off                ; Off                ;
; Block Design Naming                                                             ; Auto               ; Auto               ;
; SDC constraint protection                                                       ; Off                ; Off                ;
; Synthesis Effort                                                                ; Auto               ; Auto               ;
; Shift Register Replacement - Allow Asynchronous Clear Signal                    ; On                 ; On                 ;
; Pre-Mapping Resynthesis Optimization                                            ; Off                ; Off                ;
; Analysis & Synthesis Message Level                                              ; Medium             ; Medium             ;
; Disable Register Merging Across Hierarchies                                     ; Auto               ; Auto               ;
; Resource Aware Inference For Block RAM                                          ; On                 ; On                 ;
; Automatic Parallel Synthesis                                                    ; On                 ; On                 ;
; Partial Reconfiguration Bitstream ID                                            ; Off                ; Off                ;
+---------------------------------------------------------------------------------+--------------------+--------------------+


+------------------------------------------+
; Parallel Compilation                     ;
+----------------------------+-------------+
; Processors                 ; Number      ;
+----------------------------+-------------+
; Number detected on machine ; 8           ;
; Maximum allowed            ; 4           ;
;                            ;             ;
; Average used               ; 1.00        ;
; Maximum used               ; 4           ;
;                            ;             ;
; Usage by Processor         ; % Time Used ;
;     Processor 1            ; 100.0%      ;
;     Processors 2-4         ;   0.0%      ;
+----------------------------+-------------+


+--------------------------------------------------------------------------------------------------------------------------------------------------------+
; Analysis & Synthesis Source Files Read                                                                                                                 ;
+----------------------------------+-----------------+------------------------------+----------------------------------------------------------+---------+
; File Name with User-Entered Path ; Used in Netlist ; File Type                    ; File Name with Absolute Path                             ; Library ;
+----------------------------------+-----------------+------------------------------+----------------------------------------------------------+---------+
; test_mult.sv                     ; yes             ; User SystemVerilog HDL File  ; C:/Users/sefun/Dev/digital_desgin_2/hw5/test_mult.sv     ;         ;
; status.sv                        ; yes             ; User SystemVerilog HDL File  ; C:/Users/sefun/Dev/digital_desgin_2/hw5/status.sv        ;         ;
; mult16_tester.sv                 ; yes             ; User SystemVerilog HDL File  ; C:/Users/sefun/Dev/digital_desgin_2/hw5/mult16_tester.sv ;         ;
; gold_mult.sv                     ; yes             ; User SystemVerilog HDL File  ; C:/Users/sefun/Dev/digital_desgin_2/hw5/gold_mult.sv     ;         ;
; counter.sv                       ; yes             ; User SystemVerilog HDL File  ; C:/Users/sefun/Dev/digital_desgin_2/hw5/counter.sv       ;         ;
; compare.sv                       ; yes             ; User SystemVerilog HDL File  ; C:/Users/sefun/Dev/digital_desgin_2/hw5/compare.sv       ;         ;
; button.sv                        ; yes             ; User SystemVerilog HDL File  ; C:/Users/sefun/Dev/digital_desgin_2/hw5/button.sv        ;         ;
+----------------------------------+-----------------+------------------------------+----------------------------------------------------------+---------+


+-----------------------------------------------------+
; Analysis & Synthesis Resource Usage Summary         ;
+---------------------------------------------+-------+
; Resource                                    ; Usage ;
+---------------------------------------------+-------+
; Estimate of Logic utilization (ALMs needed) ; 114   ;
;                                             ;       ;
; Combinational ALUT usage for logic          ; 125   ;
;     -- 7 input functions                    ; 2     ;
;     -- 6 input functions                    ; 12    ;
;     -- 5 input functions                    ; 19    ;
;     -- 4 input functions                    ; 31    ;
;     -- <=3 input functions                  ; 61    ;
;                                             ;       ;
; Dedicated logic registers                   ; 186   ;
;                                             ;       ;
; I/O pins                                    ; 46    ;
;                                             ;       ;
; Total DSP Blocks                            ; 1     ;
;                                             ;       ;
; Maximum fan-out node                        ; clock ;
; Maximum fan-out                             ; 183   ;
; Total fan-out                               ; 1294  ;
; Average fan-out                             ; 3.20  ;
+---------------------------------------------+-------+


+----------------------------------------------------------------------------------------------------------------------------------------------------------------------------------------------------------------------------------------+
; Analysis & Synthesis Resource Utilization by Entity                                                                                                                                                                                    ;
+----------------------------------+---------------------+---------------------------+-------------------+------------+------+--------------+-------------------------------------------------------------+---------------+--------------+
; Compilation Hierarchy Node       ; Combinational ALUTs ; Dedicated Logic Registers ; Block Memory Bits ; DSP Blocks ; Pins ; Virtual Pins ; Full Hierarchy Name                                         ; Entity Name   ; Library Name ;
+----------------------------------+---------------------+---------------------------+-------------------+------------+------+--------------+-------------------------------------------------------------+---------------+--------------+
; |mult16_tester                   ; 125 (44)            ; 186 (4)                   ; 0                 ; 1          ; 46   ; 0            ; |mult16_tester                                              ; mult16_tester ; work         ;
;    |button:error_debounce|       ; 3 (0)               ; 6 (0)                     ; 0                 ; 0          ; 0    ; 0            ; |mult16_tester|button:error_debounce                        ; button        ; work         ;
;       |Debounce:Debounce_Inst|   ; 3 (3)               ; 3 (3)                     ; 0                 ; 0          ; 0    ; 0            ; |mult16_tester|button:error_debounce|Debounce:Debounce_Inst ; Debounce      ; work         ;
;       |Sync:Sync_Inst|           ; 0 (0)               ; 3 (3)                     ; 0                 ; 0          ; 0    ; 0            ; |mult16_tester|button:error_debounce|Sync:Sync_Inst         ; Sync          ; work         ;
;    |button:start_debounce|       ; 3 (0)               ; 6 (0)                     ; 0                 ; 0          ; 0    ; 0            ; |mult16_tester|button:start_debounce                        ; button        ; work         ;
;       |Debounce:Debounce_Inst|   ; 3 (3)               ; 3 (3)                     ; 0                 ; 0          ; 0    ; 0            ; |mult16_tester|button:start_debounce|Debounce:Debounce_Inst ; Debounce      ; work         ;
;       |Sync:Sync_Inst|           ; 0 (0)               ; 3 (3)                     ; 0                 ; 0          ; 0    ; 0            ; |mult16_tester|button:start_debounce|Sync:Sync_Inst         ; Sync          ; work         ;
;    |status:status_inst|          ; 75 (17)             ; 170 (35)                  ; 0                 ; 1          ; 0    ; 0            ; |mult16_tester|status:status_inst                           ; status        ; work         ;
;       |counter:counter_inst|     ; 33 (33)             ; 66 (66)                   ; 0                 ; 0          ; 0    ; 0            ; |mult16_tester|status:status_inst|counter:counter_inst      ; counter       ; work         ;
;       |gold_mult:gold_mult_inst| ; 0 (0)               ; 0 (0)                     ; 0                 ; 1          ; 0    ; 0            ; |mult16_tester|status:status_inst|gold_mult:gold_mult_inst  ; gold_mult     ; work         ;
;       |test_mult:test_mult_inst| ; 25 (25)             ; 69 (69)                   ; 0                 ; 0          ; 0    ; 0            ; |mult16_tester|status:status_inst|test_mult:test_mult_inst  ; test_mult     ; work         ;
+----------------------------------+---------------------+---------------------------+-------------------+------------+------+--------------+-------------------------------------------------------------+---------------+--------------+
Note: For table entries with two numbers listed, the numbers in parentheses indicate the number of resources of the given type used by the specific entity alone. The numbers listed outside of parentheses indicate the total resources of the given type used by the specific entity and all of its sub-entities in the hierarchy.


+-----------------------------------------------+
; Analysis & Synthesis DSP Block Usage Summary  ;
+---------------------------------+-------------+
; Statistic                       ; Number Used ;
+---------------------------------+-------------+
; Two Independent 18x18           ; 1           ;
; Total number of DSP blocks      ; 1           ;
;                                 ;             ;
; Fixed Point Unsigned Multiplier ; 1           ;
+---------------------------------+-------------+


+----------------------------------------------------------------------------------------------------+
; Registers Removed During Synthesis                                                                 ;
+-----------------------------------------------------------+----------------------------------------+
; Register name                                             ; Reason for Removal                     ;
+-----------------------------------------------------------+----------------------------------------+
; status:status_inst|test_mult:test_mult_inst|a_reg[16..31] ; Stuck at GND due to stuck port data_in ;
; Total Number of Removed Registers = 16                    ;                                        ;
+-----------------------------------------------------------+----------------------------------------+


+------------------------------------------------------+
; General Register Statistics                          ;
+----------------------------------------------+-------+
; Statistic                                    ; Value ;
+----------------------------------------------+-------+
; Total registers                              ; 186   ;
; Number of registers using Synchronous Clear  ; 67    ;
; Number of registers using Synchronous Load   ; 31    ;
; Number of registers using Asynchronous Clear ; 171   ;
; Number of registers using Asynchronous Load  ; 0     ;
; Number of registers using Clock Enable       ; 82    ;
; Number of registers using Preset             ; 0     ;
+----------------------------------------------+-------+


+--------------------------------------------------------------------------------------------------------------------------------------------------------------------------------------+
; Multiplexer Restructuring Statistics (Restructuring Performed)                                                                                                                       ;
+--------------------+-----------+---------------+----------------------+------------------------+------------+------------------------------------------------------------------------+
; Multiplexer Inputs ; Bus Width ; Baseline Area ; Area if Restructured ; Saving if Restructured ; Registered ; Example Multiplexer Output                                             ;
+--------------------+-----------+---------------+----------------------+------------------------+------------+------------------------------------------------------------------------+
; 3:1                ; 16 bits   ; 32 LEs        ; 0 LEs                ; 32 LEs                 ; Yes        ; |mult16_tester|status:status_inst|test_mult:test_mult_inst|result[23]  ;
; 3:1                ; 2 bits    ; 4 LEs         ; 4 LEs                ; 0 LEs                  ; Yes        ; |mult16_tester|button:error_debounce|Debounce:Debounce_Inst|counter[1] ;
; 3:1                ; 2 bits    ; 4 LEs         ; 4 LEs                ; 0 LEs                  ; Yes        ; |mult16_tester|button:start_debounce|Debounce:Debounce_Inst|counter[0] ;
; 17:1               ; 2 bits    ; 22 LEs        ; 18 LEs               ; 4 LEs                  ; No         ; |mult16_tester|HEX3                                                    ;
; 17:1               ; 2 bits    ; 22 LEs        ; 18 LEs               ; 4 LEs                  ; No         ; |mult16_tester|HEX2                                                    ;
; 17:1               ; 2 bits    ; 22 LEs        ; 18 LEs               ; 4 LEs                  ; No         ; |mult16_tester|HEX1                                                    ;
; 17:1               ; 2 bits    ; 22 LEs        ; 18 LEs               ; 4 LEs                  ; No         ; |mult16_tester|HEX0                                                    ;
+--------------------+-----------+---------------+----------------------+------------------------+------------+------------------------------------------------------------------------+


+-------------------------------------------------------------------------------+
; Parameter Settings for User Entity Instance: Top-level Entity: |mult16_tester ;
+-----------------+---------+---------------------------------------------------+
; Parameter Name  ; Value   ; Type                                              ;
+-----------------+---------+---------------------------------------------------+
; HEX_0           ; 1000000 ; Unsigned Binary                                   ;
; HEX_1           ; 1111001 ; Unsigned Binary                                   ;
; HEX_2           ; 0100100 ; Unsigned Binary                                   ;
; HEX_3           ; 0110000 ; Unsigned Binary                                   ;
; HEX_4           ; 0011001 ; Unsigned Binary                                   ;
; HEX_5           ; 0010010 ; Unsigned Binary                                   ;
; HEX_6           ; 0000010 ; Unsigned Binary                                   ;
; HEX_7           ; 1111000 ; Unsigned Binary                                   ;
; HEX_8           ; 0000000 ; Unsigned Binary                                   ;
; HEX_9           ; 0010000 ; Unsigned Binary                                   ;
; HEX_A           ; 0001000 ; Unsigned Binary                                   ;
; HEX_B           ; 0001011 ; Unsigned Binary                                   ;
; HEX_C           ; 1000110 ; Unsigned Binary                                   ;
; HEX_D           ; 0100011 ; Unsigned Binary                                   ;
; HEX_E           ; 1001110 ; Unsigned Binary                                   ;
; HEX_F           ; 0001111 ; Unsigned Binary                                   ;
; HEX_I           ; 1000000 ; Unsigned Binary                                   ;
; HEX_S           ; 1001110 ; Unsigned Binary                                   ;
; HEX_P           ; 0001111 ; Unsigned Binary                                   ;
; IDLE            ; 000     ; Unsigned Binary                                   ;
; START           ; 001     ; Unsigned Binary                                   ;
; SET_INPUTS      ; 010     ; Unsigned Binary                                   ;
; TEST_PROCESSING ; 011     ; Unsigned Binary                                   ;
; TEST_PASSED     ; 100     ; Unsigned Binary                                   ;
; TEST_FAILED     ; 101     ; Unsigned Binary                                   ;
; UPDATE_INPUTS   ; 110     ; Unsigned Binary                                   ;
; TEST_COMPLETE   ; 111     ; Unsigned Binary                                   ;
+-----------------+---------+---------------------------------------------------+
Note: In order to hide this table in the UI and the text report file, please set the "Show Parameter Settings in Synthesis Report" option in "Analysis and Synthesis Settings -> More Settings" to "Off".


+-----------------------------------------------------------------------------------+
; Parameter Settings for User Entity Instance: button:start_debounce|Sync:Sync_Inst ;
+----------------+-------+----------------------------------------------------------+
; Parameter Name ; Value ; Type                                                     ;
+----------------+-------+----------------------------------------------------------+
; SYNC_BITS      ; 3     ; Signed Integer                                           ;
+----------------+-------+----------------------------------------------------------+
Note: In order to hide this table in the UI and the text report file, please set the "Show Parameter Settings in Synthesis Report" option in "Analysis and Synthesis Settings -> More Settings" to "Off".


+-------------------------------------------------------------------------------------------+
; Parameter Settings for User Entity Instance: button:start_debounce|Debounce:Debounce_Inst ;
+----------------+-------+------------------------------------------------------------------+
; Parameter Name ; Value ; Type                                                             ;
+----------------+-------+------------------------------------------------------------------+
; MAX_COUNT      ; 4     ; Signed Integer                                                   ;
+----------------+-------+------------------------------------------------------------------+
Note: In order to hide this table in the UI and the text report file, please set the "Show Parameter Settings in Synthesis Report" option in "Analysis and Synthesis Settings -> More Settings" to "Off".


+-----------------------------------------------------------------------------------+
; Parameter Settings for User Entity Instance: button:error_debounce|Sync:Sync_Inst ;
+----------------+-------+----------------------------------------------------------+
; Parameter Name ; Value ; Type                                                     ;
+----------------+-------+----------------------------------------------------------+
; SYNC_BITS      ; 3     ; Signed Integer                                           ;
+----------------+-------+----------------------------------------------------------+
Note: In order to hide this table in the UI and the text report file, please set the "Show Parameter Settings in Synthesis Report" option in "Analysis and Synthesis Settings -> More Settings" to "Off".


+-------------------------------------------------------------------------------------------+
; Parameter Settings for User Entity Instance: button:error_debounce|Debounce:Debounce_Inst ;
+----------------+-------+------------------------------------------------------------------+
; Parameter Name ; Value ; Type                                                             ;
+----------------+-------+------------------------------------------------------------------+
; MAX_COUNT      ; 4     ; Signed Integer                                                   ;
+----------------+-------+------------------------------------------------------------------+
Note: In order to hide this table in the UI and the text report file, please set the "Show Parameter Settings in Synthesis Report" option in "Analysis and Synthesis Settings -> More Settings" to "Off".


+-----------------------------------------------------------------+
; Parameter Settings for User Entity Instance: status:status_inst ;
+-----------------+-------+---------------------------------------+
; Parameter Name  ; Value ; Type                                  ;
+-----------------+-------+---------------------------------------+
; IDLE            ; 000   ; Unsigned Binary                       ;
; START           ; 001   ; Unsigned Binary                       ;
; SET_INPUTS      ; 010   ; Unsigned Binary                       ;
; TEST_PROCESSING ; 011   ; Unsigned Binary                       ;
; TEST_PASSED     ; 100   ; Unsigned Binary                       ;
; TEST_FAILED     ; 101   ; Unsigned Binary                       ;
; UPDATE_INPUTS   ; 110   ; Unsigned Binary                       ;
; TEST_COMPLETE   ; 111   ; Unsigned Binary                       ;
+-----------------+-------+---------------------------------------+
Note: In order to hide this table in the UI and the text report file, please set the "Show Parameter Settings in Synthesis Report" option in "Analysis and Synthesis Settings -> More Settings" to "Off".


+--------------------------------------------------------------------------------------+
; Parameter Settings for User Entity Instance: status:status_inst|counter:counter_inst ;
+----------------+-------+-------------------------------------------------------------+
; Parameter Name ; Value ; Type                                                        ;
+----------------+-------+-------------------------------------------------------------+
; N              ; 33    ; Signed Integer                                              ;
+----------------+-------+-------------------------------------------------------------+
Note: In order to hide this table in the UI and the text report file, please set the "Show Parameter Settings in Synthesis Report" option in "Analysis and Synthesis Settings -> More Settings" to "Off".


+------------------------------------------------------------------------------------------+
; Parameter Settings for User Entity Instance: status:status_inst|test_mult:test_mult_inst ;
+----------------+-------+-----------------------------------------------------------------+
; Parameter Name ; Value ; Type                                                            ;
+----------------+-------+-----------------------------------------------------------------+
; N              ; 16    ; Signed Integer                                                  ;
+----------------+-------+-----------------------------------------------------------------+
Note: In order to hide this table in the UI and the text report file, please set the "Show Parameter Settings in Synthesis Report" option in "Analysis and Synthesis Settings -> More Settings" to "Off".


+-------------------------------------------------------------------------------------------------------------------+
; Port Connectivity Checks: "status:status_inst"                                                                    ;
+---------+--------+----------+-------------------------------------------------------------------------------------+
; Port    ; Type   ; Severity ; Details                                                                             ;
+---------+--------+----------+-------------------------------------------------------------------------------------+
; a[7..0] ; Output ; Info     ; Connected to dangling logic. Logic that only feeds a dangling port will be removed. ;
; b[7..0] ; Output ; Info     ; Connected to dangling logic. Logic that only feeds a dangling port will be removed. ;
+---------+--------+----------+-------------------------------------------------------------------------------------+


+-----------------------------------------------------+
; Post-Synthesis Netlist Statistics for Top Partition ;
+-----------------------+-----------------------------+
; Type                  ; Count                       ;
+-----------------------+-----------------------------+
; arriav_ff             ; 186                         ;
;     CLR               ; 39                          ;
;     CLR SCLR          ; 19                          ;
;     CLR SCLR SLD      ; 16                          ;
;     CLR SLD           ; 15                          ;
;     ENA CLR           ; 50                          ;
;     ENA CLR SCLR      ; 32                          ;
;     plain             ; 15                          ;
; arriav_lcell_comb     ; 128                         ;
;     arith             ; 49                          ;
;         0 data inputs ; 1                           ;
;         1 data inputs ; 31                          ;
;         2 data inputs ; 17                          ;
;     extend            ; 2                           ;
;         7 data inputs ; 2                           ;
;     normal            ; 77                          ;
;         0 data inputs ; 1                           ;
;         1 data inputs ; 5                           ;
;         2 data inputs ; 2                           ;
;         3 data inputs ; 7                           ;
;         4 data inputs ; 31                          ;
;         5 data inputs ; 19                          ;
;         6 data inputs ; 12                          ;
; arriav_mac            ; 1                           ;
; boundary_port         ; 46                          ;
;                       ;                             ;
; Max LUT depth         ; 4.10                        ;
; Average LUT depth     ; 2.11                        ;
+-----------------------+-----------------------------+


+-------------------------------+
; Elapsed Time Per Partition    ;
+----------------+--------------+
; Partition Name ; Elapsed Time ;
+----------------+--------------+
; Top            ; 00:00:01     ;
+----------------+--------------+


+-------------------------------+
; Analysis & Synthesis Messages ;
+-------------------------------+
Info: *******************************************************************
Info: Running Quartus Prime Analysis & Synthesis
    Info: Version 18.1.1 Build 646 04/11/2019 SJ Lite Edition
    Info: Processing started: Tue Feb 28 10:36:04 2023
Info: Command: quartus_map --read_settings_files=on --write_settings_files=off DE1_SOC -c DE1_SOC
Warning (18236): Number of processors has not been specified which may cause overloading on shared machines.  Set the global assignment NUM_PARALLEL_PROCESSORS in your QSF to an appropriate value for best performance.
Info (20030): Parallel compilation is enabled and will use 4 of the 4 processors detected
Info (12021): Found 1 design units, including 1 entities, in source file test_mult.sv
    Info (12023): Found entity 1: test_mult File: C:/Users/sefun/Dev/digital_desgin_2/hw5/test_mult.sv Line: 1
Info (12021): Found 2 design units, including 2 entities, in source file status.sv
    Info (12023): Found entity 1: status File: C:/Users/sefun/Dev/digital_desgin_2/hw5/status.sv Line: 1
    Info (12023): Found entity 2: status_tb File: C:/Users/sefun/Dev/digital_desgin_2/hw5/status.sv Line: 150
Info (12021): Found 0 design units, including 0 entities, in source file mult16_tester_defs.sv
Info (12021): Found 3 design units, including 3 entities, in source file mult16_tester.sv
    Info (12023): Found entity 1: DE1_SOC File: C:/Users/sefun/Dev/digital_desgin_2/hw5/mult16_tester.sv Line: 7
    Info (12023): Found entity 2: mult16_tester File: C:/Users/sefun/Dev/digital_desgin_2/hw5/mult16_tester.sv Line: 244
    Info (12023): Found entity 3: mult16_tester_tb File: C:/Users/sefun/Dev/digital_desgin_2/hw5/mult16_tester.sv Line: 459
Info (12021): Found 1 design units, including 1 entities, in source file gold_mult.sv
    Info (12023): Found entity 1: gold_mult File: C:/Users/sefun/Dev/digital_desgin_2/hw5/gold_mult.sv Line: 1
Info (12021): Found 1 design units, including 1 entities, in source file counter.sv
    Info (12023): Found entity 1: counter File: C:/Users/sefun/Dev/digital_desgin_2/hw5/counter.sv Line: 1
Info (12021): Found 2 design units, including 2 entities, in source file compare.sv
    Info (12023): Found entity 1: compare File: C:/Users/sefun/Dev/digital_desgin_2/hw5/compare.sv Line: 1
    Info (12023): Found entity 2: compare_tb File: C:/Users/sefun/Dev/digital_desgin_2/hw5/compare.sv Line: 20
Info (12021): Found 4 design units, including 4 entities, in source file button.sv
    Info (12023): Found entity 1: button File: C:/Users/sefun/Dev/digital_desgin_2/hw5/button.sv Line: 1
    Info (12023): Found entity 2: Debounce File: C:/Users/sefun/Dev/digital_desgin_2/hw5/button.sv Line: 14
    Info (12023): Found entity 3: Sync File: C:/Users/sefun/Dev/digital_desgin_2/hw5/button.sv Line: 42
    Info (12023): Found entity 4: button_tb File: C:/Users/sefun/Dev/digital_desgin_2/hw5/button.sv Line: 62
Info (12127): Elaborating entity "mult16_tester" for the top level hierarchy
Info (12128): Elaborating entity "button" for hierarchy "button:start_debounce" File: C:/Users/sefun/Dev/digital_desgin_2/hw5/mult16_tester.sv Line: 291
Info (12128): Elaborating entity "Sync" for hierarchy "button:start_debounce|Sync:Sync_Inst" File: C:/Users/sefun/Dev/digital_desgin_2/hw5/button.sv Line: 8
Info (12128): Elaborating entity "Debounce" for hierarchy "button:start_debounce|Debounce:Debounce_Inst" File: C:/Users/sefun/Dev/digital_desgin_2/hw5/button.sv Line: 10
Warning (10230): Verilog HDL assignment warning at button.sv(35): truncated value with size 32 to match size of target (2) File: C:/Users/sefun/Dev/digital_desgin_2/hw5/button.sv Line: 35
Info (12128): Elaborating entity "status" for hierarchy "status:status_inst" File: C:/Users/sefun/Dev/digital_desgin_2/hw5/mult16_tester.sv Line: 314
Info (12128): Elaborating entity "counter" for hierarchy "status:status_inst|counter:counter_inst" File: C:/Users/sefun/Dev/digital_desgin_2/hw5/status.sv Line: 38
Info (12128): Elaborating entity "test_mult" for hierarchy "status:status_inst|test_mult:test_mult_inst" File: C:/Users/sefun/Dev/digital_desgin_2/hw5/status.sv Line: 49
Warning (10230): Verilog HDL assignment warning at test_mult.sv(40): truncated value with size 32 to match size of target (17) File: C:/Users/sefun/Dev/digital_desgin_2/hw5/test_mult.sv Line: 40
Info (12128): Elaborating entity "gold_mult" for hierarchy "status:status_inst|gold_mult:gold_mult_inst" File: C:/Users/sefun/Dev/digital_desgin_2/hw5/status.sv Line: 56
Info (12128): Elaborating entity "compare" for hierarchy "status:status_inst|compare:compare_inst" File: C:/Users/sefun/Dev/digital_desgin_2/hw5/status.sv Line: 63
Warning (13024): Output pins are stuck at VCC or GND
    Warning (13410): Pin "HEX5[4]" is stuck at GND File: C:/Users/sefun/Dev/digital_desgin_2/hw5/mult16_tester.sv Line: 257
    Warning (13410): Pin "HEX5[5]" is stuck at GND File: C:/Users/sefun/Dev/digital_desgin_2/hw5/mult16_tester.sv Line: 257
    Warning (13410): Pin "HEX4[4]" is stuck at GND File: C:/Users/sefun/Dev/digital_desgin_2/hw5/mult16_tester.sv Line: 258
    Warning (13410): Pin "HEX4[5]" is stuck at GND File: C:/Users/sefun/Dev/digital_desgin_2/hw5/mult16_tester.sv Line: 258
Info (286030): Timing-Driven Synthesis is running
Info (16010): Generating hard_block partition "hard_block:auto_generated_inst"
    Info (16011): Adding 0 node(s), including 0 DDIO, 0 PLL, 0 transceiver and 0 LCELL
Info (21057): Implemented 292 device resources after synthesis - the final resource count might be different
    Info (21058): Implemented 4 input pins
    Info (21059): Implemented 42 output pins
    Info (21061): Implemented 245 logic cells
    Info (21062): Implemented 1 DSP elements
Info: Quartus Prime Analysis & Synthesis was successful. 0 errors, 8 warnings
    Info: Peak virtual memory: 4828 megabytes
    Info: Processing ended: Tue Feb 28 10:36:33 2023
    Info: Elapsed time: 00:00:29
    Info: Total CPU time (on all processors): 00:00:16


